<eResourceEntry  timestamp='1359641673693' resUri='platform:/resource/ovinger/jex/ov3.jex' key='resource selected' value='null'/>
<eResourceEntry  timestamp='1360022976737' resUri='platform:/resource/ovinger/jex/ov3.jex' key='resource selected' value='null'/>
<eObjectEntry  timestamp='1360023015164' resUri='platform:/resource/ovinger/jex/ov3.jex' fragmentId='//@javaElements.0/@classes.6' key='junit test launch' value='AllTests'/>
<eResourceEntry  timestamp='1360023302804' resUri='platform:/resource/ovinger/jex/ov3.jex' key='resource selected' value='null'/>
<eObjectEntry  timestamp='1360023305071' resUri='platform:/resource/ovinger/jex/ov3.jex' fragmentId='//@javaElements.0/@classes.6' key='junit test launch' value='AllTests'/>
<eObjectEntry  timestamp='1360023907959' resUri='platform:/resource/ovinger/jex/ov3.jex' fragmentId='//@javaElements.0/@classes.6' key='junit test launch' value='AllTests'/>
<eObjectEntry  timestamp='1360023960757' resUri='platform:/resource/ovinger/jex/ov3.jex' fragmentId='//@requirements.0/@requirements.0/@requirements.9' key='junit test launch' value='testIsSiblingOf'/>
<eObjectEntry  timestamp='1360026202444' resUri='platform:/resource/ovinger/jex/ov3.jex' fragmentId='//@requirements.0/@requirements.0/@requirements.5' key='junit test launch' value='testIsMotherOf'/>
<eObjectEntry  timestamp='1360026215919' resUri='platform:/resource/ovinger/jex/ov3.jex' fragmentId='//@requirements.0/@requirements.0/@requirements.5' key='test run status' value='false'/>
<eObjectEntry  timestamp='1360026719720' resUri='platform:/resource/ovinger/jex/ov3.jex' fragmentId='//@requirements.0/@requirements.0/@requirements.5' key='junit test launch' value='testIsMotherOf'/>
<eObjectEntry  timestamp='1360026725720' resUri='platform:/resource/ovinger/jex/ov3.jex' fragmentId='//@requirements.0/@requirements.0/@requirements.5' key='test run status' value='false'/>
<eObjectEntry  timestamp='1360026810835' resUri='platform:/resource/ovinger/jex/ov3.jex' fragmentId='//@requirements.0/@requirements.0/@requirements.5' key='junit test launch' value='testIsMotherOf'/>
<eObjectEntry  timestamp='1360026816059' resUri='platform:/resource/ovinger/jex/ov3.jex' fragmentId='//@requirements.0/@requirements.0/@requirements.5' key='test run status' value='true'/>
<eObjectEntry  timestamp='1360026838350' resUri='platform:/resource/ovinger/jex/ov3.jex' fragmentId='//@javaElements.0/@classes.6' key='junit test launch' value='AllTests'/>
<eObjectEntry  timestamp='1360027073431' resUri='platform:/resource/ovinger/jex/ov3.jex' fragmentId='//@requirements.0/@requirements.0/@requirements.7' key='junit test launch' value='testIsFatherOf'/>
<eObjectEntry  timestamp='1360027079331' resUri='platform:/resource/ovinger/jex/ov3.jex' fragmentId='//@requirements.0/@requirements.0/@requirements.7' key='test run status' value='false'/>
<eObjectEntry  timestamp='1360027091299' resUri='platform:/resource/ovinger/jex/ov3.jex' fragmentId='//@requirements.0/@requirements.0/@requirements.7' key='junit test launch' value='testIsFatherOf'/>
<eObjectEntry  timestamp='1360027094837' resUri='platform:/resource/ovinger/jex/ov3.jex' fragmentId='//@requirements.0/@requirements.0/@requirements.7' key='test run status' value='true'/>
<eObjectEntry  timestamp='1360027515888' resUri='platform:/resource/ovinger/jex/ov3.jex' fragmentId='//@requirements.0/@requirements.0/@requirements.5' key='junit test launch' value='testIsMotherOf'/>
<eObjectEntry  timestamp='1360027520285' resUri='platform:/resource/ovinger/jex/ov3.jex' fragmentId='//@requirements.0/@requirements.0/@requirements.5' key='test run status' value='false'/>
<eObjectEntry  timestamp='1360027531124' resUri='platform:/resource/ovinger/jex/ov3.jex' fragmentId='//@requirements.0/@requirements.0/@requirements.5' key='junit test launch' value='testIsMotherOf'/>
<eObjectEntry  timestamp='1360027534190' resUri='platform:/resource/ovinger/jex/ov3.jex' fragmentId='//@requirements.0/@requirements.0/@requirements.5' key='test run status' value='false'/>
<eObjectEntry  timestamp='1360027555026' resUri='platform:/resource/ovinger/jex/ov3.jex' fragmentId='//@requirements.0/@requirements.0/@requirements.5' key='junit test launch' value='testIsMotherOf'/>
<eObjectEntry  timestamp='1360027557626' resUri='platform:/resource/ovinger/jex/ov3.jex' fragmentId='//@requirements.0/@requirements.0/@requirements.5' key='test run status' value='true'/>
<eObjectEntry  timestamp='1360056673014' resUri='platform:/resource/ovinger/jex/ov3.jex' fragmentId='//@requirements.0/@requirements.0/@requirements.9' key='junit test launch' value='testIsSiblingOf'/>
<eObjectEntry  timestamp='1360056676514' resUri='platform:/resource/ovinger/jex/ov3.jex' fragmentId='//@requirements.0/@requirements.0/@requirements.9' key='test run status' value='false'/>
<eObjectEntry  timestamp='1360056870360' resUri='platform:/resource/ovinger/jex/ov3.jex' fragmentId='//@requirements.0/@requirements.0/@requirements.9' key='junit test launch' value='testIsSiblingOf'/>
<eObjectEntry  timestamp='1360056874089' resUri='platform:/resource/ovinger/jex/ov3.jex' fragmentId='//@requirements.0/@requirements.0/@requirements.9' key='test run status' value='false'/>
<eObjectEntry  timestamp='1360056894909' resUri='platform:/resource/ovinger/jex/ov3.jex' fragmentId='//@requirements.0/@requirements.0/@requirements.9' key='junit test launch' value='testIsSiblingOf'/>
<eObjectEntry  timestamp='1360056898313' resUri='platform:/resource/ovinger/jex/ov3.jex' fragmentId='//@requirements.0/@requirements.0/@requirements.9' key='test run status' value='false'/>
<eObjectEntry  timestamp='1360056998033' resUri='platform:/resource/ovinger/jex/ov3.jex' fragmentId='//@requirements.0/@requirements.0/@requirements.9' key='junit test launch' value='testIsSiblingOf'/>
<eObjectEntry  timestamp='1360057001047' resUri='platform:/resource/ovinger/jex/ov3.jex' fragmentId='//@requirements.0/@requirements.0/@requirements.9' key='test run status' value='true'/>
<eResourceEntry  timestamp='1360070777981' resUri='platform:/resource/ovinger/jex/ov3.jex' key='resource selected' value='null'/>
<eObjectEntry  timestamp='1360070787569' resUri='platform:/resource/ovinger/jex/ov3.jex' fragmentId='//@requirements.0/@requirements.0/@requirements.9' key='junit test launch' value='testIsSiblingOf'/>
<eObjectEntry  timestamp='1360070793536' resUri='platform:/resource/ovinger/jex/ov3.jex' fragmentId='//@requirements.0/@requirements.0/@requirements.9' key='test run status' value='false'/>
<eObjectEntry  timestamp='1360070846610' resUri='platform:/resource/ovinger/jex/ov3.jex' fragmentId='//@requirements.0/@requirements.0/@requirements.9' key='junit test launch' value='testIsSiblingOf'/>
<eObjectEntry  timestamp='1360070849808' resUri='platform:/resource/ovinger/jex/ov3.jex' fragmentId='//@requirements.0/@requirements.0/@requirements.9' key='test run status' value='false'/>
<eObjectEntry  timestamp='1360070876907' resUri='platform:/resource/ovinger/jex/ov3.jex' fragmentId='//@requirements.0/@requirements.0/@requirements.9' key='junit test launch' value='testIsSiblingOf'/>
<eObjectEntry  timestamp='1360070880040' resUri='platform:/resource/ovinger/jex/ov3.jex' fragmentId='//@requirements.0/@requirements.0/@requirements.9' key='test run status' value='false'/>
<eObjectEntry  timestamp='1360070892232' resUri='platform:/resource/ovinger/jex/ov3.jex' fragmentId='//@requirements.0/@requirements.0/@requirements.9' key='junit test launch' value='testIsSiblingOf'/>
<eObjectEntry  timestamp='1360070894866' resUri='platform:/resource/ovinger/jex/ov3.jex' fragmentId='//@requirements.0/@requirements.0/@requirements.9' key='test run status' value='false'/>
<eObjectEntry  timestamp='1360070908734' resUri='platform:/resource/ovinger/jex/ov3.jex' fragmentId='//@requirements.0/@requirements.0/@requirements.5' key='junit test launch' value='testIsMotherOf'/>
<eObjectEntry  timestamp='1360070911828' resUri='platform:/resource/ovinger/jex/ov3.jex' fragmentId='//@requirements.0/@requirements.0/@requirements.5' key='test run status' value='false'/>
<eObjectEntry  timestamp='1360070941917' resUri='platform:/resource/ovinger/jex/ov3.jex' fragmentId='//@requirements.0/@requirements.0/@requirements.5' key='junit test launch' value='testIsMotherOf'/>
<eObjectEntry  timestamp='1360070944942' resUri='platform:/resource/ovinger/jex/ov3.jex' fragmentId='//@requirements.0/@requirements.0/@requirements.5' key='test run status' value='false'/>
<eObjectEntry  timestamp='1360070973858' resUri='platform:/resource/ovinger/jex/ov3.jex' fragmentId='//@requirements.0/@requirements.0/@requirements.5' key='junit test launch' value='testIsMotherOf'/>
<eObjectEntry  timestamp='1360070976679' resUri='platform:/resource/ovinger/jex/ov3.jex' fragmentId='//@requirements.0/@requirements.0/@requirements.5' key='test run status' value='true'/>
<eObjectEntry  timestamp='1360071047844' resUri='platform:/resource/ovinger/jex/ov3.jex' fragmentId='//@requirements.0/@requirements.0/@requirements.9' key='junit test launch' value='testIsSiblingOf'/>
<eObjectEntry  timestamp='1360071050354' resUri='platform:/resource/ovinger/jex/ov3.jex' fragmentId='//@requirements.0/@requirements.0/@requirements.9' key='test run status' value='true'/>
<eObjectEntry  timestamp='1360080258860' resUri='platform:/resource/ovinger/jex/ov3.jex' fragmentId='//@requirements.0/@requirements.0/@requirements.9' key='junit test launch' value='testIsSiblingOf'/>
<eObjectEntry  timestamp='1360080264683' resUri='platform:/resource/ovinger/jex/ov3.jex' fragmentId='//@requirements.0/@requirements.0/@requirements.9' key='test run status' value='true'/>
<eObjectEntry  timestamp='1360082216198' resUri='platform:/resource/ovinger/jex/ov3.jex' fragmentId='//@javaElements.0/@classes.6' key='junit test launch' value='AllTests'/>
<eResourceEntry  timestamp='1360082320800' resUri='platform:/resource/ovinger/jex/ov3.jex' key='resource selected' value='null'/>
<eObjectEntry  timestamp='1360082339996' resUri='platform:/resource/ovinger/jex/ov3.jex' fragmentId='//@requirements.0/@requirements.0/@requirements.7' key='junit test launch' value='testIsFatherOf'/>
<eObjectEntry  timestamp='1360082344597' resUri='platform:/resource/ovinger/jex/ov3.jex' fragmentId='//@requirements.0/@requirements.0/@requirements.7' key='test run status' value='true'/>
<eObjectEntry  timestamp='1360099790955' resUri='platform:/resource/ovinger/jex/ov3.jex' fragmentId='//@requirements.0/@requirements.0/@requirements.7' key='junit test launch' value='testIsFatherOf'/>
<eObjectEntry  timestamp='1360099797872' resUri='platform:/resource/ovinger/jex/ov3.jex' fragmentId='//@requirements.0/@requirements.0/@requirements.7' key='test run status' value='true'/>
<eObjectEntry  timestamp='1360103351513' resUri='platform:/resource/ovinger/jex/ov3.jex' fragmentId='//@requirements.2/@requirements.0/@requirements.3' key='junit test launch' value='testToString'/>
<eObjectEntry  timestamp='1360103357502' resUri='platform:/resource/ovinger/jex/ov3.jex' fragmentId='//@requirements.2/@requirements.0/@requirements.3' key='test run status' value='true'/>
<eObjectEntry  timestamp='1360135606686' resUri='platform:/resource/ovinger/jex/ov3.jex' fragmentId='//@requirements.2/@requirements.1/@requirements.2' key='junit test launch' value='testInit'/>
<eObjectEntry  timestamp='1360135612989' resUri='platform:/resource/ovinger/jex/ov3.jex' fragmentId='//@requirements.2/@requirements.1/@requirements.2' key='test run status' value='false'/>
<eObjectEntry  timestamp='1360136444965' resUri='platform:/resource/ovinger/jex/ov3.jex' fragmentId='//@requirements.2/@requirements.1/@requirements.2' key='junit test launch' value='testInit'/>
<eObjectEntry  timestamp='1360136449158' resUri='platform:/resource/ovinger/jex/ov3.jex' fragmentId='//@requirements.2/@requirements.1/@requirements.2' key='test run status' value='true'/>
<eObjectEntry  timestamp='1360136839766' resUri='platform:/resource/ovinger/jex/ov3.jex' fragmentId='//@requirements.0/@requirements.0/@requirements.5' key='junit test launch' value='testIsMotherOf'/>
<eObjectEntry  timestamp='1360136846974' resUri='platform:/resource/ovinger/jex/ov3.jex' fragmentId='//@requirements.0/@requirements.0/@requirements.5' key='test run status' value='true'/>
<eObjectEntry  timestamp='1360137111267' resUri='platform:/resource/ovinger/jex/ov3.jex' fragmentId='//@requirements.2/@requirements.1/@requirements.4' key='junit test launch' value='testGetCard'/>
<eObjectEntry  timestamp='1360137115111' resUri='platform:/resource/ovinger/jex/ov3.jex' fragmentId='//@requirements.2/@requirements.1/@requirements.4' key='test run status' value='false'/>
<eObjectEntry  timestamp='1360137186479' resUri='platform:/resource/ovinger/jex/ov3.jex' fragmentId='//@requirements.2/@requirements.1/@requirements.4' key='junit test launch' value='testGetCard'/>
<eObjectEntry  timestamp='1360137188593' resUri='platform:/resource/ovinger/jex/ov3.jex' fragmentId='//@requirements.2/@requirements.1/@requirements.4' key='test run status' value='true'/>
<eObjectEntry  timestamp='1360137221055' resUri='platform:/resource/ovinger/jex/ov3.jex' fragmentId='//@requirements.2/@requirements.1/@requirements.4' key='junit test launch' value='testGetCard'/>
<eObjectEntry  timestamp='1360137223380' resUri='platform:/resource/ovinger/jex/ov3.jex' fragmentId='//@requirements.2/@requirements.1/@requirements.4' key='test run status' value='false'/>
<eObjectEntry  timestamp='1360137242458' resUri='platform:/resource/ovinger/jex/ov3.jex' fragmentId='//@requirements.2/@requirements.1/@requirements.4' key='junit test launch' value='testGetCard'/>
<eObjectEntry  timestamp='1360137246202' resUri='platform:/resource/ovinger/jex/ov3.jex' fragmentId='//@requirements.2/@requirements.1/@requirements.4' key='test run status' value='true'/>
<eObjectEntry  timestamp='1360145343478' resUri='platform:/resource/ovinger/jex/ov3.jex' fragmentId='//@requirements.0/@requirements.0/@requirements.5' key='junit test launch' value='testIsMotherOf'/>
<eObjectEntry  timestamp='1360145347806' resUri='platform:/resource/ovinger/jex/ov3.jex' fragmentId='//@requirements.0/@requirements.0/@requirements.5' key='test run status' value='false'/>
<eObjectEntry  timestamp='1360145374500' resUri='platform:/resource/ovinger/jex/ov3.jex' fragmentId='//@requirements.0/@requirements.0/@requirements.5' key='junit test launch' value='testIsMotherOf'/>
<eObjectEntry  timestamp='1360145380002' resUri='platform:/resource/ovinger/jex/ov3.jex' fragmentId='//@requirements.0/@requirements.0/@requirements.5' key='test run status' value='true'/>
<eObjectEntry  timestamp='1360145527247' resUri='platform:/resource/ovinger/jex/ov3.jex' fragmentId='//@requirements.0/@requirements.0/@requirements.5' key='junit test launch' value='testIsMotherOf'/>
<eObjectEntry  timestamp='1360145531131' resUri='platform:/resource/ovinger/jex/ov3.jex' fragmentId='//@requirements.0/@requirements.0/@requirements.5' key='test run status' value='true'/>
<eObjectEntry  timestamp='1360145577851' resUri='platform:/resource/ovinger/jex/ov3.jex' fragmentId='//@requirements.0/@requirements.0/@requirements.7' key='junit test launch' value='testIsFatherOf'/>
<eObjectEntry  timestamp='1360145581189' resUri='platform:/resource/ovinger/jex/ov3.jex' fragmentId='//@requirements.0/@requirements.0/@requirements.7' key='test run status' value='true'/>
<eResourceEntry  timestamp='1360240311501' resUri='platform:/resource/ovinger/jex/ov3.jex' key='resource selected' value='null'/>
<eObjectEntry  timestamp='1360240327225' resUri='platform:/resource/ovinger/jex/ov3.jex' fragmentId='//@requirements.0/@requirements.0/@requirements.5' key='junit test launch' value='testIsMotherOf'/>
<eObjectEntry  timestamp='1360240332490' resUri='platform:/resource/ovinger/jex/ov3.jex' fragmentId='//@requirements.0/@requirements.0/@requirements.5' key='test run status' value='true'/>
<eObjectEntry  timestamp='1360240349381' resUri='platform:/resource/ovinger/jex/ov3.jex' fragmentId='//@requirements.0/@requirements.0/@requirements.5' key='junit test launch' value='testIsMotherOf'/>
<eObjectEntry  timestamp='1360240354238' resUri='platform:/resource/ovinger/jex/ov3.jex' fragmentId='//@requirements.0/@requirements.0/@requirements.5' key='test run status' value='true'/>
<eObjectEntry  timestamp='1360240527609' resUri='platform:/resource/ovinger/jex/ov3.jex' fragmentId='//@requirements.0/@requirements.0/@requirements.5' key='junit test launch' value='testIsMotherOf'/>
<eObjectEntry  timestamp='1360240532005' resUri='platform:/resource/ovinger/jex/ov3.jex' fragmentId='//@requirements.0/@requirements.0/@requirements.5' key='test run status' value='true'/>
<eObjectEntry  timestamp='1360240612279' resUri='platform:/resource/ovinger/jex/ov3.jex' fragmentId='//@requirements.0/@requirements.0/@requirements.5' key='junit test launch' value='testIsMotherOf'/>
<eObjectEntry  timestamp='1360240617917' resUri='platform:/resource/ovinger/jex/ov3.jex' fragmentId='//@requirements.0/@requirements.0/@requirements.5' key='test run status' value='true'/>
<eObjectEntry  timestamp='1360240678768' resUri='platform:/resource/ovinger/jex/ov3.jex' fragmentId='//@requirements.0/@requirements.0/@requirements.5' key='junit test launch' value='testIsMotherOf'/>
<eObjectEntry  timestamp='1360240683663' resUri='platform:/resource/ovinger/jex/ov3.jex' fragmentId='//@requirements.0/@requirements.0/@requirements.5' key='test run status' value='true'/>
<eObjectEntry  timestamp='1360240705868' resUri='platform:/resource/ovinger/jex/ov3.jex' fragmentId='//@requirements.0/@requirements.0/@requirements.5' key='test run status' value='true'/>
<eObjectEntry  timestamp='1360240708877' resUri='platform:/resource/ovinger/jex/ov3.jex' fragmentId='//@requirements.0/@requirements.0/@requirements.5' key='test run status' value='true'/>
<eObjectEntry  timestamp='1360240777272' resUri='platform:/resource/ovinger/jex/ov3.jex' fragmentId='//@requirements.0/@requirements.0/@requirements.5' key='test run status' value='true'/>
<eObjectEntry  timestamp='1360241992363' resUri='platform:/resource/ovinger/jex/ov3.jex' fragmentId='//@requirements.0/@requirements.0/@requirements.9' key='junit test launch' value='testIsSiblingOf'/>
<eObjectEntry  timestamp='1360241997808' resUri='platform:/resource/ovinger/jex/ov3.jex' fragmentId='//@requirements.0/@requirements.0/@requirements.9' key='test run status' value='true'/>
<eResourceEntry  timestamp='1362563897709' resUri='platform:/resource/ovinger/jex/ov3.jex' key='resource selected' value='null'/>
