<eResourceEntry  timestamp='1362057103733' resUri='platform:/resource/ovinger/jex/ov5.jex' key='resource selected' value='null'/>
<eObjectEntry  timestamp='1362057287525' resUri='platform:/resource/ovinger/jex/ov5.jex' fragmentId='//@requirements.0/@requirements.0/@requirements.3' key='junit test launch' value='testPerson'/>
<eObjectEntry  timestamp='1362057291636' resUri='platform:/resource/ovinger/jex/ov5.jex' fragmentId='//@requirements.0/@requirements.0/@requirements.3' key='test run status' value='false'/>
<eObjectEntry  timestamp='1362058820056' resUri='platform:/resource/ovinger/jex/ov5.jex' fragmentId='//@requirements.0/@requirements.0/@requirements.3' key='junit test launch' value='testPerson'/>
<eObjectEntry  timestamp='1362058830070' resUri='platform:/resource/ovinger/jex/ov5.jex' fragmentId='//@requirements.0/@requirements.0/@requirements.3' key='test run status' value='true'/>
<eObjectEntry  timestamp='1362058975859' resUri='platform:/resource/ovinger/jex/ov5.jex' fragmentId='//@requirements.0/@requirements.0/@requirements.3' key='junit test launch' value='testPerson'/>
<eObjectEntry  timestamp='1362058979325' resUri='platform:/resource/ovinger/jex/ov5.jex' fragmentId='//@requirements.0/@requirements.0/@requirements.3' key='test run status' value='true'/>
<eObjectEntry  timestamp='1362058993870' resUri='platform:/resource/ovinger/jex/ov5.jex' fragmentId='//@requirements.0/@requirements.0/@requirements.4' key='junit test launch' value='testGender'/>
<eObjectEntry  timestamp='1362058996678' resUri='platform:/resource/ovinger/jex/ov5.jex' fragmentId='//@requirements.0/@requirements.0/@requirements.4' key='test run status' value='true'/>
<eObjectEntry  timestamp='1362059095561' resUri='platform:/resource/ovinger/jex/ov5.jex' fragmentId='//@requirements.0/@requirements.0/@requirements.7' key='junit test launch' value='testGetSetName'/>
<eObjectEntry  timestamp='1362059098776' resUri='platform:/resource/ovinger/jex/ov5.jex' fragmentId='//@requirements.0/@requirements.0/@requirements.7' key='test run status' value='false'/>
<eObjectEntry  timestamp='1362059223209' resUri='platform:/resource/ovinger/jex/ov5.jex' fragmentId='//@requirements.0/@requirements.0/@requirements.7' key='junit test launch' value='testGetSetName'/>
<eObjectEntry  timestamp='1362059227150' resUri='platform:/resource/ovinger/jex/ov5.jex' fragmentId='//@requirements.0/@requirements.0/@requirements.7' key='test run status' value='false'/>
<eObjectEntry  timestamp='1362059346826' resUri='platform:/resource/ovinger/jex/ov5.jex' fragmentId='//@requirements.0/@requirements.0/@requirements.7' key='junit test launch' value='testGetSetName'/>
<eObjectEntry  timestamp='1362059350045' resUri='platform:/resource/ovinger/jex/ov5.jex' fragmentId='//@requirements.0/@requirements.0/@requirements.7' key='test run status' value='false'/>
<eObjectEntry  timestamp='1362059431753' resUri='platform:/resource/ovinger/jex/ov5.jex' fragmentId='//@requirements.0/@requirements.0/@requirements.7' key='test run status' value='false'/>
<eObjectEntry  timestamp='1362059436203' resUri='platform:/resource/ovinger/jex/ov5.jex' fragmentId='//@requirements.0/@requirements.0/@requirements.7' key='test run status' value='false'/>
<eObjectEntry  timestamp='1362059502781' resUri='platform:/resource/ovinger/jex/ov5.jex' fragmentId='//@requirements.0/@requirements.0/@requirements.7' key='test run status' value='false'/>
<eObjectEntry  timestamp='1362059630784' resUri='platform:/resource/ovinger/jex/ov5.jex' fragmentId='//@requirements.0/@requirements.0/@requirements.7' key='test run status' value='false'/>
<eObjectEntry  timestamp='1362059691521' resUri='platform:/resource/ovinger/jex/ov5.jex' fragmentId='//@requirements.0/@requirements.0/@requirements.7' key='test run status' value='false'/>
<eObjectEntry  timestamp='1362059750540' resUri='platform:/resource/ovinger/jex/ov5.jex' fragmentId='//@requirements.0/@requirements.0/@requirements.7' key='test run status' value='true'/>
<eObjectEntry  timestamp='1362069666902' resUri='platform:/resource/ovinger/jex/ov5.jex' fragmentId='//@requirements.1/@requirements.0/@requirements.10' key='junit test launch' value='testRemoveChild'/>
<eObjectEntry  timestamp='1362069670498' resUri='platform:/resource/ovinger/jex/ov5.jex' fragmentId='//@requirements.1/@requirements.0/@requirements.10' key='test run status' value='false'/>
<eObjectEntry  timestamp='1362070447635' resUri='platform:/resource/ovinger/jex/ov5.jex' fragmentId='//@requirements.1/@requirements.0/@requirements.8' key='junit test launch' value='testAddChild'/>
<eObjectEntry  timestamp='1362070452756' resUri='platform:/resource/ovinger/jex/ov5.jex' fragmentId='//@requirements.1/@requirements.0/@requirements.8' key='test run status' value='false'/>
<eObjectEntry  timestamp='1362070575018' resUri='platform:/resource/ovinger/jex/ov5.jex' fragmentId='//@requirements.1/@requirements.0/@requirements.8' key='test run status' value='true'/>
<eObjectEntry  timestamp='1362070582498' resUri='platform:/resource/ovinger/jex/ov5.jex' fragmentId='//@requirements.1/@requirements.0/@requirements.8' key='test run status' value='false'/>
<eObjectEntry  timestamp='1362070718241' resUri='platform:/resource/ovinger/jex/ov5.jex' fragmentId='//@requirements.1/@requirements.0/@requirements.8' key='junit test launch' value='testAddChild'/>
<eObjectEntry  timestamp='1362070720679' resUri='platform:/resource/ovinger/jex/ov5.jex' fragmentId='//@requirements.1/@requirements.0/@requirements.8' key='test run status' value='false'/>
<eObjectEntry  timestamp='1362071362609' resUri='platform:/resource/ovinger/jex/ov5.jex' fragmentId='//@requirements.1/@requirements.0/@requirements.8' key='test run status' value='false'/>
<eObjectEntry  timestamp='1362071576626' resUri='platform:/resource/ovinger/jex/ov5.jex' fragmentId='//@requirements.1/@requirements.0/@requirements.8' key='test run status' value='false'/>
<eObjectEntry  timestamp='1362071872970' resUri='platform:/resource/ovinger/jex/ov5.jex' fragmentId='//@requirements.1/@requirements.0/@requirements.8' key='test run status' value='false'/>
<eObjectEntry  timestamp='1362071926444' resUri='platform:/resource/ovinger/jex/ov5.jex' fragmentId='//@requirements.1/@requirements.0/@requirements.8' key='test run status' value='false'/>
<eObjectEntry  timestamp='1362072031283' resUri='platform:/resource/ovinger/jex/ov5.jex' fragmentId='//@requirements.1/@requirements.0/@requirements.8' key='test run status' value='false'/>
<eObjectEntry  timestamp='1362072126912' resUri='platform:/resource/ovinger/jex/ov5.jex' fragmentId='//@requirements.1/@requirements.0/@requirements.8' key='test run status' value='true'/>
<eObjectEntry  timestamp='1362072265875' resUri='platform:/resource/ovinger/jex/ov5.jex' fragmentId='//@requirements.1/@requirements.0/@requirements.9' key='junit test launch' value='testSetAsAddChild'/>
<eObjectEntry  timestamp='1362072269145' resUri='platform:/resource/ovinger/jex/ov5.jex' fragmentId='//@requirements.1/@requirements.0/@requirements.9' key='test run status' value='false'/>
<eObjectEntry  timestamp='1362072446875' resUri='platform:/resource/ovinger/jex/ov5.jex' fragmentId='//@requirements.1/@requirements.0/@requirements.9' key='test run status' value='true'/>
<eObjectEntry  timestamp='1362072457061' resUri='platform:/resource/ovinger/jex/ov5.jex' fragmentId='//@requirements.1/@requirements.0/@requirements.10' key='junit test launch' value='testRemoveChild'/>
<eObjectEntry  timestamp='1362072459096' resUri='platform:/resource/ovinger/jex/ov5.jex' fragmentId='//@requirements.1/@requirements.0/@requirements.10' key='test run status' value='false'/>
<eObjectEntry  timestamp='1362072599409' resUri='platform:/resource/ovinger/jex/ov5.jex' fragmentId='//@requirements.1/@requirements.0/@requirements.10' key='test run status' value='true'/>
<eObjectEntry  timestamp='1362072607055' resUri='platform:/resource/ovinger/jex/ov5.jex' fragmentId='//@requirements.1/@requirements.0/@requirements.11' key='junit test launch' value='testSetAsRemoveChild'/>
<eObjectEntry  timestamp='1362072609705' resUri='platform:/resource/ovinger/jex/ov5.jex' fragmentId='//@requirements.1/@requirements.0/@requirements.11' key='test run status' value='true'/>
<eObjectEntry  timestamp='1362072635361' resUri='platform:/resource/ovinger/jex/ov5.jex' fragmentId='//@requirements.1/@requirements.0/@requirements.12' key='junit test launch' value='testGetSetParents'/>
<eObjectEntry  timestamp='1362072637980' resUri='platform:/resource/ovinger/jex/ov5.jex' fragmentId='//@requirements.1/@requirements.0/@requirements.12' key='test run status' value='false'/>
<eObjectEntry  timestamp='1362072733072' resUri='platform:/resource/ovinger/jex/ov5.jex' fragmentId='//@requirements.1/@requirements.0/@requirements.12' key='test run status' value='true'/>
<eObjectEntry  timestamp='1362073030649' resUri='platform:/resource/ovinger/jex/ov5.jex' fragmentId='//@requirements.1/@requirements.0/@requirements.8' key='junit test launch' value='testAddChild'/>
<eObjectEntry  timestamp='1362073033670' resUri='platform:/resource/ovinger/jex/ov5.jex' fragmentId='//@requirements.1/@requirements.0/@requirements.8' key='test run status' value='true'/>
<eObjectEntry  timestamp='1362073036260' resUri='platform:/resource/ovinger/jex/ov5.jex' fragmentId='//@requirements.1/@requirements.0/@requirements.9' key='junit test launch' value='testSetAsAddChild'/>
<eObjectEntry  timestamp='1362073037999' resUri='platform:/resource/ovinger/jex/ov5.jex' fragmentId='//@requirements.1/@requirements.0/@requirements.9' key='test run status' value='true'/>
<eObjectEntry  timestamp='1362073041503' resUri='platform:/resource/ovinger/jex/ov5.jex' fragmentId='//@requirements.1/@requirements.0/@requirements.10' key='junit test launch' value='testRemoveChild'/>
<eObjectEntry  timestamp='1362073044393' resUri='platform:/resource/ovinger/jex/ov5.jex' fragmentId='//@requirements.1/@requirements.0/@requirements.10' key='test run status' value='false'/>
<eObjectEntry  timestamp='1362073100105' resUri='platform:/resource/ovinger/jex/ov5.jex' fragmentId='//@requirements.1/@requirements.0/@requirements.10' key='test run status' value='false'/>
<eObjectEntry  timestamp='1362073193623' resUri='platform:/resource/ovinger/jex/ov5.jex' fragmentId='//@requirements.1/@requirements.0/@requirements.10' key='test run status' value='false'/>
<eObjectEntry  timestamp='1362073250462' resUri='platform:/resource/ovinger/jex/ov5.jex' fragmentId='//@requirements.1/@requirements.0/@requirements.10' key='test run status' value='true'/>
<eObjectEntry  timestamp='1362073269810' resUri='platform:/resource/ovinger/jex/ov5.jex' fragmentId='//@requirements.1/@requirements.0/@requirements.10' key='test run status' value='false'/>
<eObjectEntry  timestamp='1362073333557' resUri='platform:/resource/ovinger/jex/ov5.jex' fragmentId='//@requirements.1/@requirements.0/@requirements.10' key='test run status' value='true'/>
<eObjectEntry  timestamp='1362073338143' resUri='platform:/resource/ovinger/jex/ov5.jex' fragmentId='//@requirements.1/@requirements.0/@requirements.11' key='junit test launch' value='testSetAsRemoveChild'/>
<eObjectEntry  timestamp='1362073340065' resUri='platform:/resource/ovinger/jex/ov5.jex' fragmentId='//@requirements.1/@requirements.0/@requirements.11' key='test run status' value='false'/>
<eObjectEntry  timestamp='1362073435364' resUri='platform:/resource/ovinger/jex/ov5.jex' fragmentId='//@requirements.1/@requirements.0/@requirements.11' key='test run status' value='false'/>
<eObjectEntry  timestamp='1362073495839' resUri='platform:/resource/ovinger/jex/ov5.jex' fragmentId='//@requirements.1/@requirements.0/@requirements.11' key='test run status' value='true'/>
<eObjectEntry  timestamp='1362073562442' resUri='platform:/resource/ovinger/jex/ov5.jex' fragmentId='//@requirements.1/@requirements.0/@requirements.11' key='test run status' value='true'/>
<eObjectEntry  timestamp='1362073564926' resUri='platform:/resource/ovinger/jex/ov5.jex' fragmentId='//@requirements.1/@requirements.0/@requirements.8' key='junit test launch' value='testAddChild'/>
<eObjectEntry  timestamp='1362073567150' resUri='platform:/resource/ovinger/jex/ov5.jex' fragmentId='//@requirements.1/@requirements.0/@requirements.8' key='test run status' value='false'/>
<eObjectEntry  timestamp='1362073649652' resUri='platform:/resource/ovinger/jex/ov5.jex' fragmentId='//@requirements.1/@requirements.0/@requirements.8' key='test run status' value='true'/>
<eObjectEntry  timestamp='1362073652792' resUri='platform:/resource/ovinger/jex/ov5.jex' fragmentId='//@requirements.1/@requirements.0/@requirements.8' key='junit test launch' value='testAddChild'/>
<eObjectEntry  timestamp='1362073654576' resUri='platform:/resource/ovinger/jex/ov5.jex' fragmentId='//@requirements.1/@requirements.0/@requirements.8' key='test run status' value='true'/>
<eObjectEntry  timestamp='1362073657383' resUri='platform:/resource/ovinger/jex/ov5.jex' fragmentId='//@requirements.1/@requirements.0/@requirements.9' key='junit test launch' value='testSetAsAddChild'/>
<eObjectEntry  timestamp='1362073659110' resUri='platform:/resource/ovinger/jex/ov5.jex' fragmentId='//@requirements.1/@requirements.0/@requirements.9' key='test run status' value='true'/>
<eObjectEntry  timestamp='1362073661647' resUri='platform:/resource/ovinger/jex/ov5.jex' fragmentId='//@requirements.1/@requirements.0/@requirements.10' key='junit test launch' value='testRemoveChild'/>
<eObjectEntry  timestamp='1362073663470' resUri='platform:/resource/ovinger/jex/ov5.jex' fragmentId='//@requirements.1/@requirements.0/@requirements.10' key='test run status' value='true'/>
<eObjectEntry  timestamp='1362073667770' resUri='platform:/resource/ovinger/jex/ov5.jex' fragmentId='//@requirements.1/@requirements.0/@requirements.11' key='junit test launch' value='testSetAsRemoveChild'/>
<eObjectEntry  timestamp='1362073669333' resUri='platform:/resource/ovinger/jex/ov5.jex' fragmentId='//@requirements.1/@requirements.0/@requirements.11' key='test run status' value='true'/>
<eObjectEntry  timestamp='1362073672432' resUri='platform:/resource/ovinger/jex/ov5.jex' fragmentId='//@requirements.1/@requirements.0/@requirements.12' key='junit test launch' value='testGetSetParents'/>
<eObjectEntry  timestamp='1362073674225' resUri='platform:/resource/ovinger/jex/ov5.jex' fragmentId='//@requirements.1/@requirements.0/@requirements.12' key='test run status' value='true'/>
<eObjectEntry  timestamp='1362073841049' resUri='platform:/resource/ovinger/jex/ov5.jex' fragmentId='//@requirements.2/@requirements.0/@requirements.2' key='junit test launch' value='testIndexOfChild'/>
<eObjectEntry  timestamp='1362073843674' resUri='platform:/resource/ovinger/jex/ov5.jex' fragmentId='//@requirements.2/@requirements.0/@requirements.2' key='test run status' value='true'/>
<eObjectEntry  timestamp='1362073851174' resUri='platform:/resource/ovinger/jex/ov5.jex' fragmentId='//@requirements.2/@requirements.0/@requirements.3' key='junit test launch' value='testContainsChild'/>
<eObjectEntry  timestamp='1362073853048' resUri='platform:/resource/ovinger/jex/ov5.jex' fragmentId='//@requirements.2/@requirements.0/@requirements.3' key='test run status' value='true'/>
<eObjectEntry  timestamp='1362074600766' resUri='platform:/resource/ovinger/jex/ov5.jex' fragmentId='//@requirements.2/@requirements.0/@requirements.5' key='junit test launch' value='testIsAncestorOf'/>
<eObjectEntry  timestamp='1362074604174' resUri='platform:/resource/ovinger/jex/ov5.jex' fragmentId='//@requirements.2/@requirements.0/@requirements.5' key='test run status' value='true'/>
<eObjectEntry  timestamp='1362080580067' resUri='platform:/resource/ovinger/jex/ov5.jex' fragmentId='//@requirements.3/@requirements.0/@requirements.4' key='junit test launch' value='testCard'/>
<eObjectEntry  timestamp='1362080583405' resUri='platform:/resource/ovinger/jex/ov5.jex' fragmentId='//@requirements.3/@requirements.0/@requirements.4' key='test run status' value='false'/>
<eObjectEntry  timestamp='1362080748909' resUri='platform:/resource/ovinger/jex/ov5.jex' fragmentId='//@requirements.3/@requirements.0/@requirements.4' key='junit test launch' value='testCard'/>
<eObjectEntry  timestamp='1362080753444' resUri='platform:/resource/ovinger/jex/ov5.jex' fragmentId='//@requirements.3/@requirements.0/@requirements.4' key='test run status' value='true'/>
<eObjectEntry  timestamp='1362081332601' resUri='platform:/resource/ovinger/jex/ov5.jex' fragmentId='//@requirements.3/@requirements.0/@requirements.5' key='junit test launch' value='testToString'/>
<eObjectEntry  timestamp='1362081336221' resUri='platform:/resource/ovinger/jex/ov5.jex' fragmentId='//@requirements.3/@requirements.0/@requirements.5' key='test run status' value='true'/>
<eObjectEntry  timestamp='1362081358496' resUri='platform:/resource/ovinger/jex/ov5.jex' fragmentId='//@requirements.3/@requirements.1/@requirements.3' key='junit test launch' value='testCardDeck'/>
<eObjectEntry  timestamp='1362081361506' resUri='platform:/resource/ovinger/jex/ov5.jex' fragmentId='//@requirements.3/@requirements.1/@requirements.3' key='test run status' value='true'/>
<eObjectEntry  timestamp='1362081364889' resUri='platform:/resource/ovinger/jex/ov5.jex' fragmentId='//@requirements.3/@requirements.1/@requirements.4' key='junit test launch' value='testGetCard'/>
<eObjectEntry  timestamp='1362081367873' resUri='platform:/resource/ovinger/jex/ov5.jex' fragmentId='//@requirements.3/@requirements.1/@requirements.4' key='test run status' value='true'/>
<eObjectEntry  timestamp='1362242511743' resUri='platform:/resource/ovinger/jex/ov5.jex' fragmentId='//@requirements.3/@requirements.1/@requirements.6' key='junit test launch' value='testDeal'/>
<eObjectEntry  timestamp='1362242513716' resUri='platform:/resource/ovinger/jex/ov5.jex' fragmentId='//@requirements.3/@requirements.1/@requirements.6' key='test run status' value='true'/>
<eResourceEntry  timestamp='1362321134143' resUri='platform:/resource/ovinger/jex/ov5.jex' key='resource selected' value='null'/>
<eObjectEntry  timestamp='1362321135164' resUri='platform:/resource/ovinger/jex/ov5.jex' fragmentId='//@javaElements.0/@classes.0' key='junit test launch' value='AllTests'/>
<eObjectEntry  timestamp='1362321136753' resUri='platform:/resource/ovinger/jex/ov5.jex' fragmentId='//@requirements.0/@requirements.0/@requirements.3' key='test run status' value='true'/>
<eObjectEntry  timestamp='1362321136756' resUri='platform:/resource/ovinger/jex/ov5.jex' fragmentId='//@requirements.0/@requirements.0/@requirements.4' key='test run status' value='true'/>
<eObjectEntry  timestamp='1362321136760' resUri='platform:/resource/ovinger/jex/ov5.jex' fragmentId='//@requirements.0/@requirements.0/@requirements.7' key='test run status' value='true'/>
<eObjectEntry  timestamp='1362321136762' resUri='platform:/resource/ovinger/jex/ov5.jex' fragmentId='//@requirements.1/@requirements.0/@requirements.8' key='test run status' value='true'/>
<eObjectEntry  timestamp='1362321136768' resUri='platform:/resource/ovinger/jex/ov5.jex' fragmentId='//@requirements.1/@requirements.0/@requirements.9' key='test run status' value='true'/>
<eObjectEntry  timestamp='1362321136772' resUri='platform:/resource/ovinger/jex/ov5.jex' fragmentId='//@requirements.1/@requirements.0/@requirements.10' key='test run status' value='true'/>
<eObjectEntry  timestamp='1362321136793' resUri='platform:/resource/ovinger/jex/ov5.jex' fragmentId='//@requirements.1/@requirements.0/@requirements.11' key='test run status' value='true'/>
<eObjectEntry  timestamp='1362321136811' resUri='platform:/resource/ovinger/jex/ov5.jex' fragmentId='//@requirements.1/@requirements.0/@requirements.12' key='test run status' value='true'/>
<eObjectEntry  timestamp='1362321136816' resUri='platform:/resource/ovinger/jex/ov5.jex' fragmentId='//@requirements.2/@requirements.0/@requirements.2' key='test run status' value='true'/>
<eObjectEntry  timestamp='1362321136823' resUri='platform:/resource/ovinger/jex/ov5.jex' fragmentId='//@requirements.2/@requirements.0/@requirements.3' key='test run status' value='true'/>
<eObjectEntry  timestamp='1362321136827' resUri='platform:/resource/ovinger/jex/ov5.jex' fragmentId='//@requirements.2/@requirements.0/@requirements.5' key='test run status' value='true'/>
<eObjectEntry  timestamp='1362321136831' resUri='platform:/resource/ovinger/jex/ov5.jex' fragmentId='//@requirements.3/@requirements.0/@requirements.4' key='test run status' value='true'/>
<eObjectEntry  timestamp='1362321136852' resUri='platform:/resource/ovinger/jex/ov5.jex' fragmentId='//@requirements.3/@requirements.0/@requirements.5' key='test run status' value='true'/>
<eObjectEntry  timestamp='1362321136869' resUri='platform:/resource/ovinger/jex/ov5.jex' fragmentId='//@requirements.3/@requirements.1/@requirements.3' key='test run status' value='true'/>
<eObjectEntry  timestamp='1362321136890' resUri='platform:/resource/ovinger/jex/ov5.jex' fragmentId='//@requirements.3/@requirements.1/@requirements.4' key='test run status' value='true'/>
<eObjectEntry  timestamp='1362321136907' resUri='platform:/resource/ovinger/jex/ov5.jex' fragmentId='//@requirements.3/@requirements.1/@requirements.6' key='test run status' value='true'/>
<eResourceEntry  timestamp='1362338906417' resUri='platform:/resource/ovinger/jex/ov5.jex' key='resource selected' value='null'/>
<eObjectEntry  timestamp='1362338907339' resUri='platform:/resource/ovinger/jex/ov5.jex' fragmentId='//@javaElements.0/@classes.0' key='junit test launch' value='AllTests'/>
<eObjectEntry  timestamp='1362338909164' resUri='platform:/resource/ovinger/jex/ov5.jex' fragmentId='//@requirements.0/@requirements.0/@requirements.3' key='test run status' value='true'/>
<eObjectEntry  timestamp='1362338909168' resUri='platform:/resource/ovinger/jex/ov5.jex' fragmentId='//@requirements.0/@requirements.0/@requirements.4' key='test run status' value='true'/>
<eObjectEntry  timestamp='1362338909177' resUri='platform:/resource/ovinger/jex/ov5.jex' fragmentId='//@requirements.0/@requirements.0/@requirements.7' key='test run status' value='true'/>
<eObjectEntry  timestamp='1362338909182' resUri='platform:/resource/ovinger/jex/ov5.jex' fragmentId='//@requirements.1/@requirements.0/@requirements.8' key='test run status' value='true'/>
<eObjectEntry  timestamp='1362338909211' resUri='platform:/resource/ovinger/jex/ov5.jex' fragmentId='//@requirements.1/@requirements.0/@requirements.9' key='test run status' value='true'/>
<eObjectEntry  timestamp='1362338909237' resUri='platform:/resource/ovinger/jex/ov5.jex' fragmentId='//@requirements.1/@requirements.0/@requirements.10' key='test run status' value='true'/>
<eObjectEntry  timestamp='1362338909242' resUri='platform:/resource/ovinger/jex/ov5.jex' fragmentId='//@requirements.1/@requirements.0/@requirements.11' key='test run status' value='true'/>
<eObjectEntry  timestamp='1362338909249' resUri='platform:/resource/ovinger/jex/ov5.jex' fragmentId='//@requirements.1/@requirements.0/@requirements.12' key='test run status' value='true'/>
<eObjectEntry  timestamp='1362338909253' resUri='platform:/resource/ovinger/jex/ov5.jex' fragmentId='//@requirements.2/@requirements.0/@requirements.2' key='test run status' value='true'/>
<eObjectEntry  timestamp='1362338909257' resUri='platform:/resource/ovinger/jex/ov5.jex' fragmentId='//@requirements.2/@requirements.0/@requirements.3' key='test run status' value='true'/>
<eObjectEntry  timestamp='1362338909261' resUri='platform:/resource/ovinger/jex/ov5.jex' fragmentId='//@requirements.2/@requirements.0/@requirements.5' key='test run status' value='true'/>
<eObjectEntry  timestamp='1362338909270' resUri='platform:/resource/ovinger/jex/ov5.jex' fragmentId='//@requirements.3/@requirements.0/@requirements.4' key='test run status' value='true'/>
<eObjectEntry  timestamp='1362338909274' resUri='platform:/resource/ovinger/jex/ov5.jex' fragmentId='//@requirements.3/@requirements.0/@requirements.5' key='test run status' value='true'/>
<eObjectEntry  timestamp='1362338909278' resUri='platform:/resource/ovinger/jex/ov5.jex' fragmentId='//@requirements.3/@requirements.1/@requirements.3' key='test run status' value='true'/>
<eObjectEntry  timestamp='1362338909281' resUri='platform:/resource/ovinger/jex/ov5.jex' fragmentId='//@requirements.3/@requirements.1/@requirements.4' key='test run status' value='true'/>
<eObjectEntry  timestamp='1362338909289' resUri='platform:/resource/ovinger/jex/ov5.jex' fragmentId='//@requirements.3/@requirements.1/@requirements.6' key='test run status' value='true'/>
<eResourceEntry  timestamp='1362480335027' resUri='platform:/resource/ovinger/jex/ov5.jex' key='resource selected' value='null'/>
<eObjectEntry  timestamp='1362480356184' resUri='platform:/resource/ovinger/jex/ov5.jex' fragmentId='//@javaElements.0/@classes.0' key='junit test launch' value='AllTests'/>
<eObjectEntry  timestamp='1362480358577' resUri='platform:/resource/ovinger/jex/ov5.jex' fragmentId='//@requirements.0/@requirements.0/@requirements.3' key='test run status' value='true'/>
<eObjectEntry  timestamp='1362480358581' resUri='platform:/resource/ovinger/jex/ov5.jex' fragmentId='//@requirements.0/@requirements.0/@requirements.4' key='test run status' value='true'/>
<eObjectEntry  timestamp='1362480358603' resUri='platform:/resource/ovinger/jex/ov5.jex' fragmentId='//@requirements.0/@requirements.0/@requirements.7' key='test run status' value='true'/>
<eObjectEntry  timestamp='1362480358624' resUri='platform:/resource/ovinger/jex/ov5.jex' fragmentId='//@requirements.1/@requirements.0/@requirements.8' key='test run status' value='true'/>
<eObjectEntry  timestamp='1362480358647' resUri='platform:/resource/ovinger/jex/ov5.jex' fragmentId='//@requirements.1/@requirements.0/@requirements.9' key='test run status' value='true'/>
<eObjectEntry  timestamp='1362480358651' resUri='platform:/resource/ovinger/jex/ov5.jex' fragmentId='//@requirements.1/@requirements.0/@requirements.10' key='test run status' value='true'/>
<eObjectEntry  timestamp='1362480358655' resUri='platform:/resource/ovinger/jex/ov5.jex' fragmentId='//@requirements.1/@requirements.0/@requirements.11' key='test run status' value='true'/>
<eObjectEntry  timestamp='1362480358663' resUri='platform:/resource/ovinger/jex/ov5.jex' fragmentId='//@requirements.1/@requirements.0/@requirements.12' key='test run status' value='true'/>
<eObjectEntry  timestamp='1362480358682' resUri='platform:/resource/ovinger/jex/ov5.jex' fragmentId='//@requirements.2/@requirements.0/@requirements.2' key='test run status' value='true'/>
<eObjectEntry  timestamp='1362480358704' resUri='platform:/resource/ovinger/jex/ov5.jex' fragmentId='//@requirements.2/@requirements.0/@requirements.3' key='test run status' value='true'/>
<eObjectEntry  timestamp='1362480358721' resUri='platform:/resource/ovinger/jex/ov5.jex' fragmentId='//@requirements.2/@requirements.0/@requirements.5' key='test run status' value='true'/>
<eObjectEntry  timestamp='1362480358724' resUri='platform:/resource/ovinger/jex/ov5.jex' fragmentId='//@requirements.3/@requirements.0/@requirements.4' key='test run status' value='true'/>
<eObjectEntry  timestamp='1362480358732' resUri='platform:/resource/ovinger/jex/ov5.jex' fragmentId='//@requirements.3/@requirements.0/@requirements.5' key='test run status' value='true'/>
<eObjectEntry  timestamp='1362480358735' resUri='platform:/resource/ovinger/jex/ov5.jex' fragmentId='//@requirements.3/@requirements.1/@requirements.3' key='test run status' value='true'/>
<eObjectEntry  timestamp='1362480358738' resUri='platform:/resource/ovinger/jex/ov5.jex' fragmentId='//@requirements.3/@requirements.1/@requirements.4' key='test run status' value='true'/>
<eObjectEntry  timestamp='1362480358743' resUri='platform:/resource/ovinger/jex/ov5.jex' fragmentId='//@requirements.3/@requirements.1/@requirements.6' key='test run status' value='true'/>
<eObjectEntry  timestamp='1362480617556' resUri='platform:/resource/ovinger/jex/ov5.jex' fragmentId='//@javaElements.0/@classes.0' key='junit test launch' value='AllTests'/>
<eObjectEntry  timestamp='1362480619677' resUri='platform:/resource/ovinger/jex/ov5.jex' fragmentId='//@requirements.0/@requirements.0/@requirements.3' key='test run status' value='true'/>
<eObjectEntry  timestamp='1362480619681' resUri='platform:/resource/ovinger/jex/ov5.jex' fragmentId='//@requirements.0/@requirements.0/@requirements.4' key='test run status' value='true'/>
<eObjectEntry  timestamp='1362480619702' resUri='platform:/resource/ovinger/jex/ov5.jex' fragmentId='//@requirements.0/@requirements.0/@requirements.7' key='test run status' value='true'/>
<eObjectEntry  timestamp='1362480619721' resUri='platform:/resource/ovinger/jex/ov5.jex' fragmentId='//@requirements.1/@requirements.0/@requirements.8' key='test run status' value='true'/>
<eObjectEntry  timestamp='1362480619725' resUri='platform:/resource/ovinger/jex/ov5.jex' fragmentId='//@requirements.1/@requirements.0/@requirements.9' key='test run status' value='true'/>
<eObjectEntry  timestamp='1362480619732' resUri='platform:/resource/ovinger/jex/ov5.jex' fragmentId='//@requirements.1/@requirements.0/@requirements.10' key='test run status' value='true'/>
<eObjectEntry  timestamp='1362480619736' resUri='platform:/resource/ovinger/jex/ov5.jex' fragmentId='//@requirements.1/@requirements.0/@requirements.11' key='test run status' value='true'/>
<eObjectEntry  timestamp='1362480619740' resUri='platform:/resource/ovinger/jex/ov5.jex' fragmentId='//@requirements.1/@requirements.0/@requirements.12' key='test run status' value='true'/>
<eObjectEntry  timestamp='1362480619764' resUri='platform:/resource/ovinger/jex/ov5.jex' fragmentId='//@requirements.2/@requirements.0/@requirements.2' key='test run status' value='true'/>
<eObjectEntry  timestamp='1362480619783' resUri='platform:/resource/ovinger/jex/ov5.jex' fragmentId='//@requirements.2/@requirements.0/@requirements.3' key='test run status' value='true'/>
<eObjectEntry  timestamp='1362480619803' resUri='platform:/resource/ovinger/jex/ov5.jex' fragmentId='//@requirements.2/@requirements.0/@requirements.5' key='test run status' value='true'/>
<eObjectEntry  timestamp='1362480619821' resUri='platform:/resource/ovinger/jex/ov5.jex' fragmentId='//@requirements.3/@requirements.0/@requirements.4' key='test run status' value='true'/>
<eObjectEntry  timestamp='1362480619828' resUri='platform:/resource/ovinger/jex/ov5.jex' fragmentId='//@requirements.3/@requirements.0/@requirements.5' key='test run status' value='true'/>
<eObjectEntry  timestamp='1362480619832' resUri='platform:/resource/ovinger/jex/ov5.jex' fragmentId='//@requirements.3/@requirements.1/@requirements.3' key='test run status' value='true'/>
<eObjectEntry  timestamp='1362480619834' resUri='platform:/resource/ovinger/jex/ov5.jex' fragmentId='//@requirements.3/@requirements.1/@requirements.4' key='test run status' value='true'/>
<eObjectEntry  timestamp='1362480619837' resUri='platform:/resource/ovinger/jex/ov5.jex' fragmentId='//@requirements.3/@requirements.1/@requirements.6' key='test run status' value='true'/>
<eObjectEntry  timestamp='1362490330449' resUri='platform:/resource/ovinger/jex/ov5.jex' fragmentId='//@javaElements.0/@classes.0' key='junit test launch' value='AllTests'/>
<eObjectEntry  timestamp='1362490332985' resUri='platform:/resource/ovinger/jex/ov5.jex' fragmentId='//@requirements.0/@requirements.0/@requirements.3' key='test run status' value='true'/>
<eObjectEntry  timestamp='1362490332992' resUri='platform:/resource/ovinger/jex/ov5.jex' fragmentId='//@requirements.0/@requirements.0/@requirements.4' key='test run status' value='true'/>
<eObjectEntry  timestamp='1362490333016' resUri='platform:/resource/ovinger/jex/ov5.jex' fragmentId='//@requirements.0/@requirements.0/@requirements.7' key='test run status' value='true'/>
<eObjectEntry  timestamp='1362490333043' resUri='platform:/resource/ovinger/jex/ov5.jex' fragmentId='//@requirements.1/@requirements.0/@requirements.8' key='test run status' value='true'/>
<eObjectEntry  timestamp='1362490333063' resUri='platform:/resource/ovinger/jex/ov5.jex' fragmentId='//@requirements.1/@requirements.0/@requirements.9' key='test run status' value='true'/>
<eObjectEntry  timestamp='1362490333068' resUri='platform:/resource/ovinger/jex/ov5.jex' fragmentId='//@requirements.1/@requirements.0/@requirements.10' key='test run status' value='true'/>
<eObjectEntry  timestamp='1362490333076' resUri='platform:/resource/ovinger/jex/ov5.jex' fragmentId='//@requirements.1/@requirements.0/@requirements.11' key='test run status' value='true'/>
<eObjectEntry  timestamp='1362490333080' resUri='platform:/resource/ovinger/jex/ov5.jex' fragmentId='//@requirements.1/@requirements.0/@requirements.12' key='test run status' value='true'/>
<eObjectEntry  timestamp='1362490333084' resUri='platform:/resource/ovinger/jex/ov5.jex' fragmentId='//@requirements.2/@requirements.0/@requirements.2' key='test run status' value='true'/>
<eObjectEntry  timestamp='1362490333105' resUri='platform:/resource/ovinger/jex/ov5.jex' fragmentId='//@requirements.2/@requirements.0/@requirements.3' key='test run status' value='true'/>
<eObjectEntry  timestamp='1362490333125' resUri='platform:/resource/ovinger/jex/ov5.jex' fragmentId='//@requirements.2/@requirements.0/@requirements.5' key='test run status' value='true'/>
<eObjectEntry  timestamp='1362490333142' resUri='platform:/resource/ovinger/jex/ov5.jex' fragmentId='//@requirements.3/@requirements.0/@requirements.4' key='test run status' value='true'/>
<eObjectEntry  timestamp='1362490333160' resUri='platform:/resource/ovinger/jex/ov5.jex' fragmentId='//@requirements.3/@requirements.0/@requirements.5' key='test run status' value='true'/>
<eObjectEntry  timestamp='1362490333166' resUri='platform:/resource/ovinger/jex/ov5.jex' fragmentId='//@requirements.3/@requirements.1/@requirements.3' key='test run status' value='true'/>
<eObjectEntry  timestamp='1362490333169' resUri='platform:/resource/ovinger/jex/ov5.jex' fragmentId='//@requirements.3/@requirements.1/@requirements.4' key='test run status' value='true'/>
<eObjectEntry  timestamp='1362490333172' resUri='platform:/resource/ovinger/jex/ov5.jex' fragmentId='//@requirements.3/@requirements.1/@requirements.6' key='test run status' value='true'/>
<eObjectEntry  timestamp='1362512264898' resUri='platform:/resource/ovinger/jex/ov5.jex' fragmentId='//@javaElements.0/@classes.0' key='junit test launch' value='AllTests'/>
<eObjectEntry  timestamp='1362512266808' resUri='platform:/resource/ovinger/jex/ov5.jex' fragmentId='//@requirements.0/@requirements.0/@requirements.3' key='test run status' value='true'/>
<eObjectEntry  timestamp='1362512266827' resUri='platform:/resource/ovinger/jex/ov5.jex' fragmentId='//@requirements.0/@requirements.0/@requirements.4' key='test run status' value='true'/>
<eObjectEntry  timestamp='1362512266846' resUri='platform:/resource/ovinger/jex/ov5.jex' fragmentId='//@requirements.0/@requirements.0/@requirements.7' key='test run status' value='true'/>
<eObjectEntry  timestamp='1362512266854' resUri='platform:/resource/ovinger/jex/ov5.jex' fragmentId='//@requirements.1/@requirements.0/@requirements.8' key='test run status' value='false'/>
<eObjectEntry  timestamp='1362512266856' resUri='platform:/resource/ovinger/jex/ov5.jex' fragmentId='//@requirements.1/@requirements.0/@requirements.9' key='test run status' value='false'/>
<eObjectEntry  timestamp='1362512266861' resUri='platform:/resource/ovinger/jex/ov5.jex' fragmentId='//@requirements.1/@requirements.0/@requirements.10' key='test run status' value='true'/>
<eObjectEntry  timestamp='1362512266866' resUri='platform:/resource/ovinger/jex/ov5.jex' fragmentId='//@requirements.1/@requirements.0/@requirements.11' key='test run status' value='true'/>
<eObjectEntry  timestamp='1362512266873' resUri='platform:/resource/ovinger/jex/ov5.jex' fragmentId='//@requirements.1/@requirements.0/@requirements.12' key='test run status' value='false'/>
<eObjectEntry  timestamp='1362512266891' resUri='platform:/resource/ovinger/jex/ov5.jex' fragmentId='//@requirements.2/@requirements.0/@requirements.2' key='test run status' value='true'/>
<eObjectEntry  timestamp='1362512266912' resUri='platform:/resource/ovinger/jex/ov5.jex' fragmentId='//@requirements.2/@requirements.0/@requirements.3' key='test run status' value='true'/>
<eObjectEntry  timestamp='1362512266933' resUri='platform:/resource/ovinger/jex/ov5.jex' fragmentId='//@requirements.2/@requirements.0/@requirements.5' key='test run status' value='true'/>
<eObjectEntry  timestamp='1362512266951' resUri='platform:/resource/ovinger/jex/ov5.jex' fragmentId='//@requirements.3/@requirements.0/@requirements.4' key='test run status' value='true'/>
<eObjectEntry  timestamp='1362512266970' resUri='platform:/resource/ovinger/jex/ov5.jex' fragmentId='//@requirements.3/@requirements.0/@requirements.5' key='test run status' value='true'/>
<eObjectEntry  timestamp='1362512266988' resUri='platform:/resource/ovinger/jex/ov5.jex' fragmentId='//@requirements.3/@requirements.1/@requirements.3' key='test run status' value='true'/>
<eObjectEntry  timestamp='1362512266992' resUri='platform:/resource/ovinger/jex/ov5.jex' fragmentId='//@requirements.3/@requirements.1/@requirements.4' key='test run status' value='true'/>
<eObjectEntry  timestamp='1362512267000' resUri='platform:/resource/ovinger/jex/ov5.jex' fragmentId='//@requirements.3/@requirements.1/@requirements.6' key='test run status' value='true'/>
<eObjectEntry  timestamp='1362512306993' resUri='platform:/resource/ovinger/jex/ov5.jex' fragmentId='//@javaElements.0/@classes.0' key='junit test launch' value='AllTests'/>
<eObjectEntry  timestamp='1362512308931' resUri='platform:/resource/ovinger/jex/ov5.jex' fragmentId='//@requirements.0/@requirements.0/@requirements.3' key='test run status' value='true'/>
<eObjectEntry  timestamp='1362512308953' resUri='platform:/resource/ovinger/jex/ov5.jex' fragmentId='//@requirements.0/@requirements.0/@requirements.4' key='test run status' value='true'/>
<eObjectEntry  timestamp='1362512308977' resUri='platform:/resource/ovinger/jex/ov5.jex' fragmentId='//@requirements.0/@requirements.0/@requirements.7' key='test run status' value='true'/>
<eObjectEntry  timestamp='1362512308984' resUri='platform:/resource/ovinger/jex/ov5.jex' fragmentId='//@requirements.1/@requirements.0/@requirements.8' key='test run status' value='false'/>
<eObjectEntry  timestamp='1362512308986' resUri='platform:/resource/ovinger/jex/ov5.jex' fragmentId='//@requirements.1/@requirements.0/@requirements.9' key='test run status' value='false'/>
<eObjectEntry  timestamp='1362512308989' resUri='platform:/resource/ovinger/jex/ov5.jex' fragmentId='//@requirements.1/@requirements.0/@requirements.10' key='test run status' value='true'/>
<eObjectEntry  timestamp='1362512308993' resUri='platform:/resource/ovinger/jex/ov5.jex' fragmentId='//@requirements.1/@requirements.0/@requirements.11' key='test run status' value='true'/>
<eObjectEntry  timestamp='1362512309019' resUri='platform:/resource/ovinger/jex/ov5.jex' fragmentId='//@requirements.1/@requirements.0/@requirements.12' key='test run status' value='false'/>
<eObjectEntry  timestamp='1362512309040' resUri='platform:/resource/ovinger/jex/ov5.jex' fragmentId='//@requirements.2/@requirements.0/@requirements.2' key='test run status' value='true'/>
<eObjectEntry  timestamp='1362512309059' resUri='platform:/resource/ovinger/jex/ov5.jex' fragmentId='//@requirements.2/@requirements.0/@requirements.3' key='test run status' value='true'/>
<eObjectEntry  timestamp='1362512309079' resUri='platform:/resource/ovinger/jex/ov5.jex' fragmentId='//@requirements.2/@requirements.0/@requirements.5' key='test run status' value='true'/>
<eObjectEntry  timestamp='1362512309098' resUri='platform:/resource/ovinger/jex/ov5.jex' fragmentId='//@requirements.3/@requirements.0/@requirements.4' key='test run status' value='true'/>
<eObjectEntry  timestamp='1362512309122' resUri='platform:/resource/ovinger/jex/ov5.jex' fragmentId='//@requirements.3/@requirements.0/@requirements.5' key='test run status' value='true'/>
<eObjectEntry  timestamp='1362512309126' resUri='platform:/resource/ovinger/jex/ov5.jex' fragmentId='//@requirements.3/@requirements.1/@requirements.3' key='test run status' value='true'/>
<eObjectEntry  timestamp='1362512309130' resUri='platform:/resource/ovinger/jex/ov5.jex' fragmentId='//@requirements.3/@requirements.1/@requirements.4' key='test run status' value='true'/>
<eObjectEntry  timestamp='1362512309136' resUri='platform:/resource/ovinger/jex/ov5.jex' fragmentId='//@requirements.3/@requirements.1/@requirements.6' key='test run status' value='true'/>
<eObjectEntry  timestamp='1362512318557' resUri='platform:/resource/ovinger/jex/ov5.jex' fragmentId='//@javaElements.0/@classes.0' key='junit test launch' value='AllTests'/>
<eObjectEntry  timestamp='1362512320014' resUri='platform:/resource/ovinger/jex/ov5.jex' fragmentId='//@requirements.0/@requirements.0/@requirements.3' key='test run status' value='true'/>
<eObjectEntry  timestamp='1362512320021' resUri='platform:/resource/ovinger/jex/ov5.jex' fragmentId='//@requirements.0/@requirements.0/@requirements.4' key='test run status' value='true'/>
<eObjectEntry  timestamp='1362512320046' resUri='platform:/resource/ovinger/jex/ov5.jex' fragmentId='//@requirements.0/@requirements.0/@requirements.7' key='test run status' value='true'/>
<eObjectEntry  timestamp='1362512320068' resUri='platform:/resource/ovinger/jex/ov5.jex' fragmentId='//@requirements.1/@requirements.0/@requirements.8' key='test run status' value='true'/>
<eObjectEntry  timestamp='1362512320072' resUri='platform:/resource/ovinger/jex/ov5.jex' fragmentId='//@requirements.1/@requirements.0/@requirements.9' key='test run status' value='true'/>
<eObjectEntry  timestamp='1362512320076' resUri='platform:/resource/ovinger/jex/ov5.jex' fragmentId='//@requirements.1/@requirements.0/@requirements.10' key='test run status' value='true'/>
<eObjectEntry  timestamp='1362512320081' resUri='platform:/resource/ovinger/jex/ov5.jex' fragmentId='//@requirements.1/@requirements.0/@requirements.11' key='test run status' value='true'/>
<eObjectEntry  timestamp='1362512320088' resUri='platform:/resource/ovinger/jex/ov5.jex' fragmentId='//@requirements.1/@requirements.0/@requirements.12' key='test run status' value='true'/>
<eObjectEntry  timestamp='1362512320093' resUri='platform:/resource/ovinger/jex/ov5.jex' fragmentId='//@requirements.2/@requirements.0/@requirements.2' key='test run status' value='true'/>
<eObjectEntry  timestamp='1362512320118' resUri='platform:/resource/ovinger/jex/ov5.jex' fragmentId='//@requirements.2/@requirements.0/@requirements.3' key='test run status' value='true'/>
<eObjectEntry  timestamp='1362512320140' resUri='platform:/resource/ovinger/jex/ov5.jex' fragmentId='//@requirements.2/@requirements.0/@requirements.5' key='test run status' value='true'/>
<eObjectEntry  timestamp='1362512320168' resUri='platform:/resource/ovinger/jex/ov5.jex' fragmentId='//@requirements.3/@requirements.0/@requirements.4' key='test run status' value='true'/>
<eObjectEntry  timestamp='1362512320172' resUri='platform:/resource/ovinger/jex/ov5.jex' fragmentId='//@requirements.3/@requirements.0/@requirements.5' key='test run status' value='true'/>
<eObjectEntry  timestamp='1362512320177' resUri='platform:/resource/ovinger/jex/ov5.jex' fragmentId='//@requirements.3/@requirements.1/@requirements.3' key='test run status' value='true'/>
<eObjectEntry  timestamp='1362512320180' resUri='platform:/resource/ovinger/jex/ov5.jex' fragmentId='//@requirements.3/@requirements.1/@requirements.4' key='test run status' value='true'/>
<eObjectEntry  timestamp='1362512320187' resUri='platform:/resource/ovinger/jex/ov5.jex' fragmentId='//@requirements.3/@requirements.1/@requirements.6' key='test run status' value='true'/>
<eObjectEntry  timestamp='1362512585553' resUri='platform:/resource/ovinger/jex/ov5.jex' fragmentId='//@javaElements.0/@classes.0' key='junit test launch' value='AllTests'/>
<eObjectEntry  timestamp='1362512586820' resUri='platform:/resource/ovinger/jex/ov5.jex' fragmentId='//@requirements.0/@requirements.0/@requirements.3' key='test run status' value='true'/>
<eObjectEntry  timestamp='1362512586824' resUri='platform:/resource/ovinger/jex/ov5.jex' fragmentId='//@requirements.0/@requirements.0/@requirements.4' key='test run status' value='true'/>
<eObjectEntry  timestamp='1362512586848' resUri='platform:/resource/ovinger/jex/ov5.jex' fragmentId='//@requirements.0/@requirements.0/@requirements.7' key='test run status' value='true'/>
<eObjectEntry  timestamp='1362512586864' resUri='platform:/resource/ovinger/jex/ov5.jex' fragmentId='//@requirements.1/@requirements.0/@requirements.8' key='test run status' value='true'/>
<eObjectEntry  timestamp='1362512586867' resUri='platform:/resource/ovinger/jex/ov5.jex' fragmentId='//@requirements.1/@requirements.0/@requirements.9' key='test run status' value='true'/>
<eObjectEntry  timestamp='1362512586873' resUri='platform:/resource/ovinger/jex/ov5.jex' fragmentId='//@requirements.1/@requirements.0/@requirements.10' key='test run status' value='true'/>
<eObjectEntry  timestamp='1362512586875' resUri='platform:/resource/ovinger/jex/ov5.jex' fragmentId='//@requirements.1/@requirements.0/@requirements.11' key='test run status' value='true'/>
<eObjectEntry  timestamp='1362512586878' resUri='platform:/resource/ovinger/jex/ov5.jex' fragmentId='//@requirements.1/@requirements.0/@requirements.12' key='test run status' value='true'/>
<eObjectEntry  timestamp='1362512586884' resUri='platform:/resource/ovinger/jex/ov5.jex' fragmentId='//@requirements.2/@requirements.0/@requirements.2' key='test run status' value='true'/>
<eObjectEntry  timestamp='1362512586901' resUri='platform:/resource/ovinger/jex/ov5.jex' fragmentId='//@requirements.2/@requirements.0/@requirements.3' key='test run status' value='true'/>
<eObjectEntry  timestamp='1362512586921' resUri='platform:/resource/ovinger/jex/ov5.jex' fragmentId='//@requirements.2/@requirements.0/@requirements.5' key='test run status' value='true'/>
<eObjectEntry  timestamp='1362512586938' resUri='platform:/resource/ovinger/jex/ov5.jex' fragmentId='//@requirements.3/@requirements.0/@requirements.4' key='test run status' value='true'/>
<eObjectEntry  timestamp='1362512586959' resUri='platform:/resource/ovinger/jex/ov5.jex' fragmentId='//@requirements.3/@requirements.0/@requirements.5' key='test run status' value='true'/>
<eObjectEntry  timestamp='1362512586976' resUri='platform:/resource/ovinger/jex/ov5.jex' fragmentId='//@requirements.3/@requirements.1/@requirements.3' key='test run status' value='true'/>
<eObjectEntry  timestamp='1362512586996' resUri='platform:/resource/ovinger/jex/ov5.jex' fragmentId='//@requirements.3/@requirements.1/@requirements.4' key='test run status' value='true'/>
<eObjectEntry  timestamp='1362512587000' resUri='platform:/resource/ovinger/jex/ov5.jex' fragmentId='//@requirements.3/@requirements.1/@requirements.6' key='test run status' value='true'/>
<eResourceEntry  timestamp='1362563889360' resUri='platform:/resource/ovinger/jex/ov5.jex' key='resource selected' value='null'/>
<eObjectEntry  timestamp='1362563890274' resUri='platform:/resource/ovinger/jex/ov5.jex' fragmentId='//@javaElements.0/@classes.0' key='junit test launch' value='AllTests'/>
<eObjectEntry  timestamp='1362563891845' resUri='platform:/resource/ovinger/jex/ov5.jex' fragmentId='//@requirements.0/@requirements.0/@requirements.3' key='test run status' value='true'/>
<eObjectEntry  timestamp='1362563891876' resUri='platform:/resource/ovinger/jex/ov5.jex' fragmentId='//@requirements.0/@requirements.0/@requirements.4' key='test run status' value='true'/>
<eObjectEntry  timestamp='1362563891886' resUri='platform:/resource/ovinger/jex/ov5.jex' fragmentId='//@requirements.0/@requirements.0/@requirements.7' key='test run status' value='true'/>
<eObjectEntry  timestamp='1362563891895' resUri='platform:/resource/ovinger/jex/ov5.jex' fragmentId='//@requirements.1/@requirements.0/@requirements.8' key='test run status' value='true'/>
<eObjectEntry  timestamp='1362563891902' resUri='platform:/resource/ovinger/jex/ov5.jex' fragmentId='//@requirements.1/@requirements.0/@requirements.9' key='test run status' value='true'/>
<eObjectEntry  timestamp='1362563891943' resUri='platform:/resource/ovinger/jex/ov5.jex' fragmentId='//@requirements.1/@requirements.0/@requirements.10' key='test run status' value='true'/>
<eObjectEntry  timestamp='1362563891976' resUri='platform:/resource/ovinger/jex/ov5.jex' fragmentId='//@requirements.1/@requirements.0/@requirements.11' key='test run status' value='true'/>
<eObjectEntry  timestamp='1362563892007' resUri='platform:/resource/ovinger/jex/ov5.jex' fragmentId='//@requirements.1/@requirements.0/@requirements.12' key='test run status' value='true'/>
<eObjectEntry  timestamp='1362563892042' resUri='platform:/resource/ovinger/jex/ov5.jex' fragmentId='//@requirements.2/@requirements.0/@requirements.2' key='test run status' value='true'/>
<eObjectEntry  timestamp='1362563892072' resUri='platform:/resource/ovinger/jex/ov5.jex' fragmentId='//@requirements.2/@requirements.0/@requirements.3' key='test run status' value='true'/>
<eObjectEntry  timestamp='1362563892105' resUri='platform:/resource/ovinger/jex/ov5.jex' fragmentId='//@requirements.2/@requirements.0/@requirements.5' key='test run status' value='true'/>
<eObjectEntry  timestamp='1362563892111' resUri='platform:/resource/ovinger/jex/ov5.jex' fragmentId='//@requirements.3/@requirements.0/@requirements.4' key='test run status' value='true'/>
<eObjectEntry  timestamp='1362563892121' resUri='platform:/resource/ovinger/jex/ov5.jex' fragmentId='//@requirements.3/@requirements.0/@requirements.5' key='test run status' value='true'/>
<eObjectEntry  timestamp='1362563892127' resUri='platform:/resource/ovinger/jex/ov5.jex' fragmentId='//@requirements.3/@requirements.1/@requirements.3' key='test run status' value='true'/>
<eObjectEntry  timestamp='1362563892133' resUri='platform:/resource/ovinger/jex/ov5.jex' fragmentId='//@requirements.3/@requirements.1/@requirements.4' key='test run status' value='true'/>
<eObjectEntry  timestamp='1362563892139' resUri='platform:/resource/ovinger/jex/ov5.jex' fragmentId='//@requirements.3/@requirements.1/@requirements.6' key='test run status' value='true'/>
<eResourceEntry  timestamp='1362563900768' resUri='platform:/resource/ovinger/jex/ov5.jex' key='resource selected' value='null'/>
<eResourceEntry  timestamp='1362563907273' resUri='platform:/resource/ovinger/jex/ov5.jex' key='resource selected' value='null'/>
<eResourceEntry  timestamp='1362563912684' resUri='platform:/resource/ovinger/jex/ov5.jex' key='resource selected' value='null'/>
<eResourceEntry  timestamp='1362743605158' resUri='platform:/resource/ovinger/jex/ov5.jex' key='resource selected' value='null'/>
<eObjectEntry  timestamp='1362743606438' resUri='platform:/resource/ovinger/jex/ov5.jex' fragmentId='//@javaElements.0/@classes.0' key='junit test launch' value='AllTests'/>
<eObjectEntry  timestamp='1362743608177' resUri='platform:/resource/ovinger/jex/ov5.jex' fragmentId='//@requirements.0/@requirements.0/@requirements.3' key='test run status' value='true'/>
<eObjectEntry  timestamp='1362743608185' resUri='platform:/resource/ovinger/jex/ov5.jex' fragmentId='//@requirements.0/@requirements.0/@requirements.4' key='test run status' value='true'/>
<eObjectEntry  timestamp='1362743608198' resUri='platform:/resource/ovinger/jex/ov5.jex' fragmentId='//@requirements.0/@requirements.0/@requirements.7' key='test run status' value='true'/>
<eObjectEntry  timestamp='1362743608206' resUri='platform:/resource/ovinger/jex/ov5.jex' fragmentId='//@requirements.1/@requirements.0/@requirements.8' key='test run status' value='true'/>
<eObjectEntry  timestamp='1362743608213' resUri='platform:/resource/ovinger/jex/ov5.jex' fragmentId='//@requirements.1/@requirements.0/@requirements.9' key='test run status' value='true'/>
<eObjectEntry  timestamp='1362743608223' resUri='platform:/resource/ovinger/jex/ov5.jex' fragmentId='//@requirements.1/@requirements.0/@requirements.10' key='test run status' value='true'/>
<eObjectEntry  timestamp='1362743608237' resUri='platform:/resource/ovinger/jex/ov5.jex' fragmentId='//@requirements.1/@requirements.0/@requirements.11' key='test run status' value='true'/>
<eObjectEntry  timestamp='1362743608246' resUri='platform:/resource/ovinger/jex/ov5.jex' fragmentId='//@requirements.1/@requirements.0/@requirements.12' key='test run status' value='true'/>
<eObjectEntry  timestamp='1362743608253' resUri='platform:/resource/ovinger/jex/ov5.jex' fragmentId='//@requirements.2/@requirements.0/@requirements.2' key='test run status' value='true'/>
<eObjectEntry  timestamp='1362743608260' resUri='platform:/resource/ovinger/jex/ov5.jex' fragmentId='//@requirements.2/@requirements.0/@requirements.3' key='test run status' value='true'/>
<eObjectEntry  timestamp='1362743608274' resUri='platform:/resource/ovinger/jex/ov5.jex' fragmentId='//@requirements.2/@requirements.0/@requirements.5' key='test run status' value='true'/>
<eObjectEntry  timestamp='1362743608293' resUri='platform:/resource/ovinger/jex/ov5.jex' fragmentId='//@requirements.3/@requirements.0/@requirements.4' key='test run status' value='true'/>
<eObjectEntry  timestamp='1362743608322' resUri='platform:/resource/ovinger/jex/ov5.jex' fragmentId='//@requirements.3/@requirements.0/@requirements.5' key='test run status' value='true'/>
<eObjectEntry  timestamp='1362743608332' resUri='platform:/resource/ovinger/jex/ov5.jex' fragmentId='//@requirements.3/@requirements.1/@requirements.3' key='test run status' value='true'/>
<eObjectEntry  timestamp='1362743608347' resUri='platform:/resource/ovinger/jex/ov5.jex' fragmentId='//@requirements.3/@requirements.1/@requirements.4' key='test run status' value='true'/>
<eObjectEntry  timestamp='1362743608358' resUri='platform:/resource/ovinger/jex/ov5.jex' fragmentId='//@requirements.3/@requirements.1/@requirements.6' key='test run status' value='true'/>
