<eResourceEntry  timestamp='1362242756730' resUri='platform:/resource/ovinger/jex/ov6.jex' key='resource selected' value='null'/>
<eObjectEntry  timestamp='1362243039589' resUri='platform:/resource/ovinger/jex/ov6.jex' fragmentId='//@requirements.0/@requirements.1/@requirements.0' key='junit test launch' value='testConstructor'/>
<eObjectEntry  timestamp='1362243042204' resUri='platform:/resource/ovinger/jex/ov6.jex' fragmentId='//@requirements.0/@requirements.1' key='test run status' value='false'/>
<eObjectEntry  timestamp='1362243042206' resUri='platform:/resource/ovinger/jex/ov6.jex' fragmentId='//@requirements.0/@requirements.1/@requirements.0' key='test run status' value='false'/>
<eObjectEntry  timestamp='1362243081188' resUri='platform:/resource/ovinger/jex/ov6.jex' fragmentId='//@requirements.0/@requirements.1/@requirements.0' key='junit test launch' value='testConstructor'/>
<eObjectEntry  timestamp='1362243083926' resUri='platform:/resource/ovinger/jex/ov6.jex' fragmentId='//@requirements.0/@requirements.1' key='test run status' value='false'/>
<eObjectEntry  timestamp='1362243083928' resUri='platform:/resource/ovinger/jex/ov6.jex' fragmentId='//@requirements.0/@requirements.1/@requirements.0' key='test run status' value='false'/>
<eObjectEntry  timestamp='1362243409122' resUri='platform:/resource/ovinger/jex/ov6.jex' fragmentId='//@requirements.0/@requirements.1/@requirements.0' key='junit test launch' value='testConstructor'/>
<eObjectEntry  timestamp='1362243414079' resUri='platform:/resource/ovinger/jex/ov6.jex' fragmentId='//@requirements.0/@requirements.1/@requirements.0' key='test run status' value='true'/>
<eObjectEntry  timestamp='1362243419949' resUri='platform:/resource/ovinger/jex/ov6.jex' fragmentId='//@requirements.0/@requirements.1/@requirements.1' key='junit test launch' value='testGetFace'/>
<eObjectEntry  timestamp='1362243423278' resUri='platform:/resource/ovinger/jex/ov6.jex' fragmentId='//@requirements.0/@requirements.1/@requirements.1' key='test run status' value='true'/>
<eObjectEntry  timestamp='1362243430308' resUri='platform:/resource/ovinger/jex/ov6.jex' fragmentId='//@requirements.0/@requirements.1/@requirements.2' key='junit test launch' value='testGetSuit'/>
<eObjectEntry  timestamp='1362243433982' resUri='platform:/resource/ovinger/jex/ov6.jex' fragmentId='//@requirements.0/@requirements.1/@requirements.2' key='test run status' value='true'/>
<eObjectEntry  timestamp='1362244510874' resUri='platform:/resource/ovinger/jex/ov6.jex' fragmentId='//@requirements.0/@requirements.1' key='junit test launch' value='CardTest'/>
<eObjectEntry  timestamp='1362244515084' resUri='platform:/resource/ovinger/jex/ov6.jex' fragmentId='//@requirements.0/@requirements.1' key='test run status' value='true'/>
<eObjectEntry  timestamp='1362244515086' resUri='platform:/resource/ovinger/jex/ov6.jex' fragmentId='//@requirements.0/@requirements.1/@requirements.0' key='test run status' value='true'/>
<eObjectEntry  timestamp='1362244515088' resUri='platform:/resource/ovinger/jex/ov6.jex' fragmentId='//@requirements.0/@requirements.1/@requirements.1' key='test run status' value='true'/>
<eObjectEntry  timestamp='1362244515090' resUri='platform:/resource/ovinger/jex/ov6.jex' fragmentId='//@requirements.0/@requirements.1/@requirements.2' key='test run status' value='true'/>
<eObjectEntry  timestamp='1362244515093' resUri='platform:/resource/ovinger/jex/ov6.jex' fragmentId='//@requirements.0/@requirements.1/@requirements.3' key='test run status' value='true'/>
<eObjectEntry  timestamp='1362245654126' resUri='platform:/resource/ovinger/jex/ov6.jex' fragmentId='//@requirements.1/@requirements.2/@requirements.0' key='junit test launch' value='testConstructor'/>
<eObjectEntry  timestamp='1362245660359' resUri='platform:/resource/ovinger/jex/ov6.jex' fragmentId='//@requirements.1/@requirements.2/@requirements.0' key='test run status' value='true'/>
<eObjectEntry  timestamp='1362245687933' resUri='platform:/resource/ovinger/jex/ov6.jex' fragmentId='//@requirements.1/@requirements.2/@requirements.1' key='junit test launch' value='testGetBalance'/>
<eObjectEntry  timestamp='1362245691231' resUri='platform:/resource/ovinger/jex/ov6.jex' fragmentId='//@requirements.1/@requirements.2/@requirements.1' key='test run status' value='true'/>
<eObjectEntry  timestamp='1362245855153' resUri='platform:/resource/ovinger/jex/ov6.jex' fragmentId='//@requirements.1/@requirements.2/@requirements.2' key='junit test launch' value='testGetCredit'/>
<eObjectEntry  timestamp='1362245858241' resUri='platform:/resource/ovinger/jex/ov6.jex' fragmentId='//@requirements.1/@requirements.2/@requirements.2' key='test run status' value='true'/>
<eObjectEntry  timestamp='1362245862518' resUri='platform:/resource/ovinger/jex/ov6.jex' fragmentId='//@requirements.1/@requirements.2/@requirements.3' key='junit test launch' value='testWithdraw'/>
<eObjectEntry  timestamp='1362245865641' resUri='platform:/resource/ovinger/jex/ov6.jex' fragmentId='//@requirements.1/@requirements.2/@requirements.3' key='test run status' value='true'/>
<eObjectEntry  timestamp='1362245877715' resUri='platform:/resource/ovinger/jex/ov6.jex' fragmentId='//@requirements.1/@requirements.2/@requirements.4' key='junit test launch' value='testDeposit'/>
<eObjectEntry  timestamp='1362245880988' resUri='platform:/resource/ovinger/jex/ov6.jex' fragmentId='//@requirements.1/@requirements.2/@requirements.4' key='test run status' value='true'/>
<eObjectEntry  timestamp='1362245893407' resUri='platform:/resource/ovinger/jex/ov6.jex' fragmentId='//@requirements.1/@requirements.2' key='junit test launch' value='SavingsAccountTest'/>
<eObjectEntry  timestamp='1362245896654' resUri='platform:/resource/ovinger/jex/ov6.jex' fragmentId='//@requirements.1/@requirements.2' key='test run status' value='true'/>
<eObjectEntry  timestamp='1362245896658' resUri='platform:/resource/ovinger/jex/ov6.jex' fragmentId='//@requirements.1/@requirements.2/@requirements.0' key='test run status' value='true'/>
<eObjectEntry  timestamp='1362245896663' resUri='platform:/resource/ovinger/jex/ov6.jex' fragmentId='//@requirements.1/@requirements.2/@requirements.1' key='test run status' value='true'/>
<eObjectEntry  timestamp='1362245896666' resUri='platform:/resource/ovinger/jex/ov6.jex' fragmentId='//@requirements.1/@requirements.2/@requirements.2' key='test run status' value='true'/>
<eObjectEntry  timestamp='1362245896670' resUri='platform:/resource/ovinger/jex/ov6.jex' fragmentId='//@requirements.1/@requirements.2/@requirements.3' key='test run status' value='true'/>
<eObjectEntry  timestamp='1362245896677' resUri='platform:/resource/ovinger/jex/ov6.jex' fragmentId='//@requirements.1/@requirements.2/@requirements.4' key='test run status' value='true'/>
<eObjectEntry  timestamp='1362247471529' resUri='platform:/resource/ovinger/jex/ov6.jex' fragmentId='//@requirements.1/@requirements.4/@requirements.0' key='junit test launch' value='testConstructor'/>
<eObjectEntry  timestamp='1362247476149' resUri='platform:/resource/ovinger/jex/ov6.jex' fragmentId='//@requirements.1/@requirements.4/@requirements.0' key='test run status' value='true'/>
<eObjectEntry  timestamp='1362247479470' resUri='platform:/resource/ovinger/jex/ov6.jex' fragmentId='//@requirements.1/@requirements.4/@requirements.1' key='junit test launch' value='testGetBalance'/>
<eObjectEntry  timestamp='1362247481249' resUri='platform:/resource/ovinger/jex/ov6.jex' fragmentId='//@requirements.1/@requirements.4' key='test run status' value='false'/>
<eObjectEntry  timestamp='1362247481256' resUri='platform:/resource/ovinger/jex/ov6.jex' fragmentId='//@requirements.1/@requirements.4/@requirements.1' key='test run status' value='false'/>
<eObjectEntry  timestamp='1362247553731' resUri='platform:/resource/ovinger/jex/ov6.jex' fragmentId='//@requirements.1/@requirements.4/@requirements.1' key='junit test launch' value='testGetBalance'/>
<eObjectEntry  timestamp='1362247556237' resUri='platform:/resource/ovinger/jex/ov6.jex' fragmentId='//@requirements.1/@requirements.4/@requirements.1' key='test run status' value='true'/>
<eObjectEntry  timestamp='1362247560681' resUri='platform:/resource/ovinger/jex/ov6.jex' fragmentId='//@requirements.1/@requirements.4/@requirements.2' key='junit test launch' value='testGetCredit'/>
<eObjectEntry  timestamp='1362247563280' resUri='platform:/resource/ovinger/jex/ov6.jex' fragmentId='//@requirements.1/@requirements.4/@requirements.2' key='test run status' value='true'/>
<eObjectEntry  timestamp='1362247567237' resUri='platform:/resource/ovinger/jex/ov6.jex' fragmentId='//@requirements.1/@requirements.4/@requirements.3' key='junit test launch' value='testWithdraw'/>
<eObjectEntry  timestamp='1362247570087' resUri='platform:/resource/ovinger/jex/ov6.jex' fragmentId='//@requirements.1/@requirements.4' key='test run status' value='false'/>
<eObjectEntry  timestamp='1362247570099' resUri='platform:/resource/ovinger/jex/ov6.jex' fragmentId='//@requirements.1/@requirements.4/@requirements.3' key='test run status' value='false'/>
<eObjectEntry  timestamp='1362247691141' resUri='platform:/resource/ovinger/jex/ov6.jex' fragmentId='//@requirements.1/@requirements.4/@requirements.3' key='junit test launch' value='testWithdraw'/>
<eObjectEntry  timestamp='1362247694342' resUri='platform:/resource/ovinger/jex/ov6.jex' fragmentId='//@requirements.1/@requirements.4' key='test run status' value='false'/>
<eObjectEntry  timestamp='1362247694347' resUri='platform:/resource/ovinger/jex/ov6.jex' fragmentId='//@requirements.1/@requirements.4/@requirements.3' key='test run status' value='false'/>
<eObjectEntry  timestamp='1362247776548' resUri='platform:/resource/ovinger/jex/ov6.jex' fragmentId='//@requirements.1/@requirements.4' key='test run status' value='false'/>
<eObjectEntry  timestamp='1362247776555' resUri='platform:/resource/ovinger/jex/ov6.jex' fragmentId='//@requirements.1/@requirements.4/@requirements.3' key='test run status' value='false'/>
<eObjectEntry  timestamp='1362247780586' resUri='platform:/resource/ovinger/jex/ov6.jex' fragmentId='//@requirements.1/@requirements.4/@requirements.4' key='junit test launch' value='testDeposit'/>
<eObjectEntry  timestamp='1362247783416' resUri='platform:/resource/ovinger/jex/ov6.jex' fragmentId='//@requirements.1/@requirements.4/@requirements.4' key='test run status' value='true'/>
<eObjectEntry  timestamp='1362247792050' resUri='platform:/resource/ovinger/jex/ov6.jex' fragmentId='//@requirements.1/@requirements.4/@requirements.5' key='junit test launch' value='testGetFees'/>
<eObjectEntry  timestamp='1362247794153' resUri='platform:/resource/ovinger/jex/ov6.jex' fragmentId='//@requirements.1/@requirements.4' key='test run status' value='false'/>
<eObjectEntry  timestamp='1362247794165' resUri='platform:/resource/ovinger/jex/ov6.jex' fragmentId='//@requirements.1/@requirements.4/@requirements.5' key='test run status' value='false'/>
<eObjectEntry  timestamp='1362251085006' resUri='platform:/resource/ovinger/jex/ov6.jex' fragmentId='//@requirements.1/@requirements.4/@requirements.0' key='junit test launch' value='testConstructor'/>
<eObjectEntry  timestamp='1362251087642' resUri='platform:/resource/ovinger/jex/ov6.jex' fragmentId='//@requirements.1/@requirements.4/@requirements.0' key='test run status' value='true'/>
<eObjectEntry  timestamp='1362251091153' resUri='platform:/resource/ovinger/jex/ov6.jex' fragmentId='//@requirements.1/@requirements.4/@requirements.1' key='junit test launch' value='testGetBalance'/>
<eObjectEntry  timestamp='1362251093036' resUri='platform:/resource/ovinger/jex/ov6.jex' fragmentId='//@requirements.1/@requirements.4' key='test run status' value='false'/>
<eObjectEntry  timestamp='1362251093047' resUri='platform:/resource/ovinger/jex/ov6.jex' fragmentId='//@requirements.1/@requirements.4/@requirements.1' key='test run status' value='false'/>
<eObjectEntry  timestamp='1362251301513' resUri='platform:/resource/ovinger/jex/ov6.jex' fragmentId='//@requirements.1/@requirements.4' key='test run status' value='false'/>
<eObjectEntry  timestamp='1362251301521' resUri='platform:/resource/ovinger/jex/ov6.jex' fragmentId='//@requirements.1/@requirements.4/@requirements.1' key='test run status' value='false'/>
<eObjectEntry  timestamp='1362251410787' resUri='platform:/resource/ovinger/jex/ov6.jex' fragmentId='//@requirements.1/@requirements.4/@requirements.1' key='test run status' value='true'/>
<eObjectEntry  timestamp='1362251415222' resUri='platform:/resource/ovinger/jex/ov6.jex' fragmentId='//@requirements.1/@requirements.4/@requirements.2' key='junit test launch' value='testGetCredit'/>
<eObjectEntry  timestamp='1362251417123' resUri='platform:/resource/ovinger/jex/ov6.jex' fragmentId='//@requirements.1/@requirements.4/@requirements.2' key='test run status' value='true'/>
<eObjectEntry  timestamp='1362251419753' resUri='platform:/resource/ovinger/jex/ov6.jex' fragmentId='//@requirements.1/@requirements.4/@requirements.3' key='junit test launch' value='testWithdraw'/>
<eObjectEntry  timestamp='1362251422522' resUri='platform:/resource/ovinger/jex/ov6.jex' fragmentId='//@requirements.1/@requirements.4' key='test run status' value='false'/>
<eObjectEntry  timestamp='1362251422535' resUri='platform:/resource/ovinger/jex/ov6.jex' fragmentId='//@requirements.1/@requirements.4/@requirements.3' key='test run status' value='false'/>
<eObjectEntry  timestamp='1362251688178' resUri='platform:/resource/ovinger/jex/ov6.jex' fragmentId='//@requirements.1/@requirements.4/@requirements.1' key='junit test launch' value='testGetBalance'/>
<eObjectEntry  timestamp='1362251690909' resUri='platform:/resource/ovinger/jex/ov6.jex' fragmentId='//@requirements.1/@requirements.4' key='test run status' value='false'/>
<eObjectEntry  timestamp='1362251690915' resUri='platform:/resource/ovinger/jex/ov6.jex' fragmentId='//@requirements.1/@requirements.4/@requirements.1' key='test run status' value='false'/>
<eObjectEntry  timestamp='1362252133114' resUri='platform:/resource/ovinger/jex/ov6.jex' fragmentId='//@requirements.1/@requirements.4/@requirements.1' key='test run status' value='true'/>
<eObjectEntry  timestamp='1362252135645' resUri='platform:/resource/ovinger/jex/ov6.jex' fragmentId='//@requirements.1/@requirements.4/@requirements.2' key='junit test launch' value='testGetCredit'/>
<eObjectEntry  timestamp='1362252138155' resUri='platform:/resource/ovinger/jex/ov6.jex' fragmentId='//@requirements.1/@requirements.4/@requirements.2' key='test run status' value='true'/>
<eObjectEntry  timestamp='1362252141192' resUri='platform:/resource/ovinger/jex/ov6.jex' fragmentId='//@requirements.1/@requirements.4/@requirements.3' key='junit test launch' value='testWithdraw'/>
<eObjectEntry  timestamp='1362252143683' resUri='platform:/resource/ovinger/jex/ov6.jex' fragmentId='//@requirements.1/@requirements.4' key='test run status' value='false'/>
<eObjectEntry  timestamp='1362252143692' resUri='platform:/resource/ovinger/jex/ov6.jex' fragmentId='//@requirements.1/@requirements.4/@requirements.3' key='test run status' value='false'/>
<eObjectEntry  timestamp='1362252182973' resUri='platform:/resource/ovinger/jex/ov6.jex' fragmentId='//@requirements.1/@requirements.4' key='test run status' value='false'/>
<eObjectEntry  timestamp='1362252182982' resUri='platform:/resource/ovinger/jex/ov6.jex' fragmentId='//@requirements.1/@requirements.4/@requirements.3' key='test run status' value='false'/>
<eObjectEntry  timestamp='1362252209714' resUri='platform:/resource/ovinger/jex/ov6.jex' fragmentId='//@requirements.1/@requirements.4' key='test run status' value='false'/>
<eObjectEntry  timestamp='1362252209726' resUri='platform:/resource/ovinger/jex/ov6.jex' fragmentId='//@requirements.1/@requirements.4/@requirements.3' key='test run status' value='false'/>
<eObjectEntry  timestamp='1362252287400' resUri='platform:/resource/ovinger/jex/ov6.jex' fragmentId='//@requirements.1/@requirements.4' key='test run status' value='false'/>
<eObjectEntry  timestamp='1362252287408' resUri='platform:/resource/ovinger/jex/ov6.jex' fragmentId='//@requirements.1/@requirements.4/@requirements.3' key='test run status' value='false'/>
<eObjectEntry  timestamp='1362252317025' resUri='platform:/resource/ovinger/jex/ov6.jex' fragmentId='//@requirements.1/@requirements.4' key='test run status' value='false'/>
<eObjectEntry  timestamp='1362252317031' resUri='platform:/resource/ovinger/jex/ov6.jex' fragmentId='//@requirements.1/@requirements.4/@requirements.3' key='test run status' value='false'/>
<eObjectEntry  timestamp='1362252690437' resUri='platform:/resource/ovinger/jex/ov6.jex' fragmentId='//@requirements.1/@requirements.4/@requirements.3' key='test run status' value='true'/>
<eObjectEntry  timestamp='1362252697403' resUri='platform:/resource/ovinger/jex/ov6.jex' fragmentId='//@requirements.1/@requirements.4/@requirements.4' key='junit test launch' value='testDeposit'/>
<eObjectEntry  timestamp='1362252699696' resUri='platform:/resource/ovinger/jex/ov6.jex' fragmentId='//@requirements.1/@requirements.4/@requirements.4' key='test run status' value='true'/>
<eObjectEntry  timestamp='1362252705997' resUri='platform:/resource/ovinger/jex/ov6.jex' fragmentId='//@requirements.1/@requirements.4/@requirements.5' key='junit test launch' value='testGetFees'/>
<eObjectEntry  timestamp='1362252707762' resUri='platform:/resource/ovinger/jex/ov6.jex' fragmentId='//@requirements.1/@requirements.4/@requirements.5' key='test run status' value='true'/>
<eObjectEntry  timestamp='1362252753831' resUri='platform:/resource/ovinger/jex/ov6.jex' fragmentId='//@requirements.1/@requirements.4' key='junit test launch' value='CreditAccountTest'/>
<eObjectEntry  timestamp='1362252756457' resUri='platform:/resource/ovinger/jex/ov6.jex' fragmentId='//@requirements.1/@requirements.4' key='test run status' value='true'/>
<eObjectEntry  timestamp='1362252756484' resUri='platform:/resource/ovinger/jex/ov6.jex' fragmentId='//@requirements.1/@requirements.4/@requirements.0' key='test run status' value='true'/>
<eObjectEntry  timestamp='1362252756505' resUri='platform:/resource/ovinger/jex/ov6.jex' fragmentId='//@requirements.1/@requirements.4/@requirements.1' key='test run status' value='true'/>
<eObjectEntry  timestamp='1362252756529' resUri='platform:/resource/ovinger/jex/ov6.jex' fragmentId='//@requirements.1/@requirements.4/@requirements.2' key='test run status' value='true'/>
<eObjectEntry  timestamp='1362252756533' resUri='platform:/resource/ovinger/jex/ov6.jex' fragmentId='//@requirements.1/@requirements.4/@requirements.3' key='test run status' value='true'/>
<eObjectEntry  timestamp='1362252756538' resUri='platform:/resource/ovinger/jex/ov6.jex' fragmentId='//@requirements.1/@requirements.4/@requirements.4' key='test run status' value='true'/>
<eObjectEntry  timestamp='1362252756541' resUri='platform:/resource/ovinger/jex/ov6.jex' fragmentId='//@requirements.1/@requirements.4/@requirements.5' key='test run status' value='true'/>
<eObjectEntry  timestamp='1362252866670' resUri='platform:/resource/ovinger/jex/ov6.jex' fragmentId='//@requirements.1/@requirements.6/@requirements.0' key='junit test launch' value='testAddAccount'/>
<eObjectEntry  timestamp='1362252870813' resUri='platform:/resource/ovinger/jex/ov6.jex' fragmentId='//@requirements.1/@requirements.6' key='test run status' value='false'/>
<eObjectEntry  timestamp='1362252870827' resUri='platform:/resource/ovinger/jex/ov6.jex' fragmentId='//@requirements.1/@requirements.6/@requirements.0' key='test run status' value='false'/>
<eObjectEntry  timestamp='1362310132586' resUri='platform:/resource/ovinger/jex/ov6.jex' fragmentId='//@requirements.1/@requirements.6' key='test run status' value='false'/>
<eObjectEntry  timestamp='1362310132593' resUri='platform:/resource/ovinger/jex/ov6.jex' fragmentId='//@requirements.1/@requirements.6/@requirements.0' key='test run status' value='false'/>
<eObjectEntry  timestamp='1362310142237' resUri='platform:/resource/ovinger/jex/ov6.jex' fragmentId='//@requirements.1/@requirements.6/@requirements.0' key='test run status' value='true'/>
<eObjectEntry  timestamp='1362310272066' resUri='platform:/resource/ovinger/jex/ov6.jex' fragmentId='//@requirements.1/@requirements.6/@requirements.1' key='junit test launch' value='testGetTotalBalance'/>
<eObjectEntry  timestamp='1362310274617' resUri='platform:/resource/ovinger/jex/ov6.jex' fragmentId='//@requirements.1/@requirements.6/@requirements.1' key='test run status' value='true'/>
<eObjectEntry  timestamp='1362310363306' resUri='platform:/resource/ovinger/jex/ov6.jex' fragmentId='//@requirements.1/@requirements.6/@requirements.2' key='junit test launch' value='testGetTotalCredit'/>
<eObjectEntry  timestamp='1362310366323' resUri='platform:/resource/ovinger/jex/ov6.jex' fragmentId='//@requirements.1/@requirements.6/@requirements.2' key='test run status' value='true'/>
<eObjectEntry  timestamp='1362310604534' resUri='platform:/resource/ovinger/jex/ov6.jex' fragmentId='//@requirements.1/@requirements.6/@requirements.3' key='junit test launch' value='testGetTotalFees'/>
<eObjectEntry  timestamp='1362310608725' resUri='platform:/resource/ovinger/jex/ov6.jex' fragmentId='//@requirements.1/@requirements.6' key='test run status' value='false'/>
<eObjectEntry  timestamp='1362310608733' resUri='platform:/resource/ovinger/jex/ov6.jex' fragmentId='//@requirements.1/@requirements.6/@requirements.3' key='test run status' value='false'/>
<eObjectEntry  timestamp='1362310817076' resUri='platform:/resource/ovinger/jex/ov6.jex' fragmentId='//@requirements.1/@requirements.6/@requirements.3' key='test run status' value='true'/>
<eObjectEntry  timestamp='1362310821124' resUri='platform:/resource/ovinger/jex/ov6.jex' fragmentId='//@requirements.1/@requirements.6' key='junit test launch' value='AccountOverviewTest'/>
<eObjectEntry  timestamp='1362310822488' resUri='platform:/resource/ovinger/jex/ov6.jex' fragmentId='//@requirements.1/@requirements.6' key='test run status' value='true'/>
<eObjectEntry  timestamp='1362310822491' resUri='platform:/resource/ovinger/jex/ov6.jex' fragmentId='//@requirements.1/@requirements.6/@requirements.0' key='test run status' value='true'/>
<eObjectEntry  timestamp='1362310822519' resUri='platform:/resource/ovinger/jex/ov6.jex' fragmentId='//@requirements.1/@requirements.6/@requirements.1' key='test run status' value='true'/>
<eObjectEntry  timestamp='1362310822540' resUri='platform:/resource/ovinger/jex/ov6.jex' fragmentId='//@requirements.1/@requirements.6/@requirements.2' key='test run status' value='true'/>
<eObjectEntry  timestamp='1362310822548' resUri='platform:/resource/ovinger/jex/ov6.jex' fragmentId='//@requirements.1/@requirements.6/@requirements.3' key='test run status' value='true'/>
<eObjectEntry  timestamp='1362310987785' resUri='platform:/resource/ovinger/jex/ov6.jex' fragmentId='//@requirements.1/@requirements.2' key='junit test launch' value='SavingsAccountTest'/>
<eObjectEntry  timestamp='1362310989684' resUri='platform:/resource/ovinger/jex/ov6.jex' fragmentId='//@requirements.1/@requirements.2' key='test run status' value='true'/>
<eObjectEntry  timestamp='1362310989711' resUri='platform:/resource/ovinger/jex/ov6.jex' fragmentId='//@requirements.1/@requirements.2/@requirements.0' key='test run status' value='true'/>
<eObjectEntry  timestamp='1362310989733' resUri='platform:/resource/ovinger/jex/ov6.jex' fragmentId='//@requirements.1/@requirements.2/@requirements.1' key='test run status' value='true'/>
<eObjectEntry  timestamp='1362310989750' resUri='platform:/resource/ovinger/jex/ov6.jex' fragmentId='//@requirements.1/@requirements.2/@requirements.2' key='test run status' value='true'/>
<eObjectEntry  timestamp='1362310989753' resUri='platform:/resource/ovinger/jex/ov6.jex' fragmentId='//@requirements.1/@requirements.2/@requirements.3' key='test run status' value='true'/>
<eObjectEntry  timestamp='1362310989764' resUri='platform:/resource/ovinger/jex/ov6.jex' fragmentId='//@requirements.1/@requirements.2/@requirements.4' key='test run status' value='true'/>
<eObjectEntry  timestamp='1362310995462' resUri='platform:/resource/ovinger/jex/ov6.jex' fragmentId='//@requirements.1/@requirements.4' key='junit test launch' value='CreditAccountTest'/>
<eObjectEntry  timestamp='1362310996983' resUri='platform:/resource/ovinger/jex/ov6.jex' fragmentId='//@requirements.1/@requirements.4' key='test run status' value='true'/>
<eObjectEntry  timestamp='1362310997017' resUri='platform:/resource/ovinger/jex/ov6.jex' fragmentId='//@requirements.1/@requirements.4/@requirements.0' key='test run status' value='true'/>
<eObjectEntry  timestamp='1362310997056' resUri='platform:/resource/ovinger/jex/ov6.jex' fragmentId='//@requirements.1/@requirements.4/@requirements.1' key='test run status' value='true'/>
<eObjectEntry  timestamp='1362310997065' resUri='platform:/resource/ovinger/jex/ov6.jex' fragmentId='//@requirements.1/@requirements.4/@requirements.2' key='test run status' value='true'/>
<eObjectEntry  timestamp='1362310997071' resUri='platform:/resource/ovinger/jex/ov6.jex' fragmentId='//@requirements.1/@requirements.4/@requirements.3' key='test run status' value='true'/>
<eObjectEntry  timestamp='1362310997077' resUri='platform:/resource/ovinger/jex/ov6.jex' fragmentId='//@requirements.1/@requirements.4/@requirements.4' key='test run status' value='true'/>
<eObjectEntry  timestamp='1362310997086' resUri='platform:/resource/ovinger/jex/ov6.jex' fragmentId='//@requirements.1/@requirements.4/@requirements.5' key='test run status' value='true'/>
<eObjectEntry  timestamp='1362311020318' resUri='platform:/resource/ovinger/jex/ov6.jex' fragmentId='//@requirements.1/@requirements.4' key='junit test launch' value='CreditAccountTest'/>
<eObjectEntry  timestamp='1362311022077' resUri='platform:/resource/ovinger/jex/ov6.jex' fragmentId='//@requirements.1/@requirements.4' key='test run status' value='false'/>
<eObjectEntry  timestamp='1362311022106' resUri='platform:/resource/ovinger/jex/ov6.jex' fragmentId='//@requirements.1/@requirements.4/@requirements.0' key='test run status' value='true'/>
<eObjectEntry  timestamp='1362311022128' resUri='platform:/resource/ovinger/jex/ov6.jex' fragmentId='//@requirements.1/@requirements.4/@requirements.1' key='test run status' value='false'/>
<eObjectEntry  timestamp='1362311022132' resUri='platform:/resource/ovinger/jex/ov6.jex' fragmentId='//@requirements.1/@requirements.4/@requirements.2' key='test run status' value='true'/>
<eObjectEntry  timestamp='1362311022137' resUri='platform:/resource/ovinger/jex/ov6.jex' fragmentId='//@requirements.1/@requirements.4/@requirements.3' key='test run status' value='false'/>
<eObjectEntry  timestamp='1362311022144' resUri='platform:/resource/ovinger/jex/ov6.jex' fragmentId='//@requirements.1/@requirements.4/@requirements.4' key='test run status' value='true'/>
<eObjectEntry  timestamp='1362311022149' resUri='platform:/resource/ovinger/jex/ov6.jex' fragmentId='//@requirements.1/@requirements.4/@requirements.5' key='test run status' value='false'/>
<eObjectEntry  timestamp='1362311289564' resUri='platform:/resource/ovinger/jex/ov6.jex' fragmentId='//@requirements.1/@requirements.4' key='junit test launch' value='CreditAccountTest'/>
<eObjectEntry  timestamp='1362311292779' resUri='platform:/resource/ovinger/jex/ov6.jex' fragmentId='//@requirements.1/@requirements.4' key='test run status' value='false'/>
<eObjectEntry  timestamp='1362311292798' resUri='platform:/resource/ovinger/jex/ov6.jex' fragmentId='//@requirements.1/@requirements.4/@requirements.0' key='test run status' value='true'/>
<eObjectEntry  timestamp='1362311292821' resUri='platform:/resource/ovinger/jex/ov6.jex' fragmentId='//@requirements.1/@requirements.4/@requirements.1' key='test run status' value='false'/>
<eObjectEntry  timestamp='1362311292843' resUri='platform:/resource/ovinger/jex/ov6.jex' fragmentId='//@requirements.1/@requirements.4/@requirements.2' key='test run status' value='true'/>
<eObjectEntry  timestamp='1362311292848' resUri='platform:/resource/ovinger/jex/ov6.jex' fragmentId='//@requirements.1/@requirements.4/@requirements.3' key='test run status' value='false'/>
<eObjectEntry  timestamp='1362311292856' resUri='platform:/resource/ovinger/jex/ov6.jex' fragmentId='//@requirements.1/@requirements.4/@requirements.4' key='test run status' value='true'/>
<eObjectEntry  timestamp='1362311292861' resUri='platform:/resource/ovinger/jex/ov6.jex' fragmentId='//@requirements.1/@requirements.4/@requirements.5' key='test run status' value='false'/>
<eObjectEntry  timestamp='1362311560330' resUri='platform:/resource/ovinger/jex/ov6.jex' fragmentId='//@requirements.1/@requirements.4' key='test run status' value='false'/>
<eObjectEntry  timestamp='1362311560351' resUri='platform:/resource/ovinger/jex/ov6.jex' fragmentId='//@requirements.1/@requirements.4/@requirements.0' key='test run status' value='true'/>
<eObjectEntry  timestamp='1362311560356' resUri='platform:/resource/ovinger/jex/ov6.jex' fragmentId='//@requirements.1/@requirements.4/@requirements.1' key='test run status' value='false'/>
<eObjectEntry  timestamp='1362311560365' resUri='platform:/resource/ovinger/jex/ov6.jex' fragmentId='//@requirements.1/@requirements.4/@requirements.2' key='test run status' value='true'/>
<eObjectEntry  timestamp='1362311560369' resUri='platform:/resource/ovinger/jex/ov6.jex' fragmentId='//@requirements.1/@requirements.4/@requirements.3' key='test run status' value='false'/>
<eObjectEntry  timestamp='1362311560373' resUri='platform:/resource/ovinger/jex/ov6.jex' fragmentId='//@requirements.1/@requirements.4/@requirements.4' key='test run status' value='true'/>
<eObjectEntry  timestamp='1362311560394' resUri='platform:/resource/ovinger/jex/ov6.jex' fragmentId='//@requirements.1/@requirements.4/@requirements.5' key='test run status' value='false'/>
<eObjectEntry  timestamp='1362311569681' resUri='platform:/resource/ovinger/jex/ov6.jex' fragmentId='//@requirements.1/@requirements.4' key='test run status' value='true'/>
<eObjectEntry  timestamp='1362311569704' resUri='platform:/resource/ovinger/jex/ov6.jex' fragmentId='//@requirements.1/@requirements.4/@requirements.0' key='test run status' value='true'/>
<eObjectEntry  timestamp='1362311569724' resUri='platform:/resource/ovinger/jex/ov6.jex' fragmentId='//@requirements.1/@requirements.4/@requirements.1' key='test run status' value='true'/>
<eObjectEntry  timestamp='1362311569737' resUri='platform:/resource/ovinger/jex/ov6.jex' fragmentId='//@requirements.1/@requirements.4/@requirements.2' key='test run status' value='true'/>
<eObjectEntry  timestamp='1362311569743' resUri='platform:/resource/ovinger/jex/ov6.jex' fragmentId='//@requirements.1/@requirements.4/@requirements.3' key='test run status' value='true'/>
<eObjectEntry  timestamp='1362311569751' resUri='platform:/resource/ovinger/jex/ov6.jex' fragmentId='//@requirements.1/@requirements.4/@requirements.4' key='test run status' value='true'/>
<eObjectEntry  timestamp='1362311569770' resUri='platform:/resource/ovinger/jex/ov6.jex' fragmentId='//@requirements.1/@requirements.4/@requirements.5' key='test run status' value='true'/>
<eObjectEntry  timestamp='1362311647979' resUri='platform:/resource/ovinger/jex/ov6.jex' fragmentId='//@requirements.1/@requirements.4' key='test run status' value='false'/>
<eObjectEntry  timestamp='1362311648001' resUri='platform:/resource/ovinger/jex/ov6.jex' fragmentId='//@requirements.1/@requirements.4/@requirements.0' key='test run status' value='true'/>
<eObjectEntry  timestamp='1362311648004' resUri='platform:/resource/ovinger/jex/ov6.jex' fragmentId='//@requirements.1/@requirements.4/@requirements.1' key='test run status' value='false'/>
<eObjectEntry  timestamp='1362311648011' resUri='platform:/resource/ovinger/jex/ov6.jex' fragmentId='//@requirements.1/@requirements.4/@requirements.2' key='test run status' value='true'/>
<eObjectEntry  timestamp='1362311648014' resUri='platform:/resource/ovinger/jex/ov6.jex' fragmentId='//@requirements.1/@requirements.4/@requirements.3' key='test run status' value='false'/>
<eObjectEntry  timestamp='1362311648018' resUri='platform:/resource/ovinger/jex/ov6.jex' fragmentId='//@requirements.1/@requirements.4/@requirements.4' key='test run status' value='true'/>
<eObjectEntry  timestamp='1362311648045' resUri='platform:/resource/ovinger/jex/ov6.jex' fragmentId='//@requirements.1/@requirements.4/@requirements.5' key='test run status' value='false'/>
<eObjectEntry  timestamp='1362311658986' resUri='platform:/resource/ovinger/jex/ov6.jex' fragmentId='//@requirements.1/@requirements.4' key='test run status' value='false'/>
<eObjectEntry  timestamp='1362311659023' resUri='platform:/resource/ovinger/jex/ov6.jex' fragmentId='//@requirements.1/@requirements.4/@requirements.0' key='test run status' value='true'/>
<eObjectEntry  timestamp='1362311659048' resUri='platform:/resource/ovinger/jex/ov6.jex' fragmentId='//@requirements.1/@requirements.4/@requirements.1' key='test run status' value='false'/>
<eObjectEntry  timestamp='1362311659070' resUri='platform:/resource/ovinger/jex/ov6.jex' fragmentId='//@requirements.1/@requirements.4/@requirements.2' key='test run status' value='true'/>
<eObjectEntry  timestamp='1362311659073' resUri='platform:/resource/ovinger/jex/ov6.jex' fragmentId='//@requirements.1/@requirements.4/@requirements.3' key='test run status' value='false'/>
<eObjectEntry  timestamp='1362311659078' resUri='platform:/resource/ovinger/jex/ov6.jex' fragmentId='//@requirements.1/@requirements.4/@requirements.4' key='test run status' value='true'/>
<eObjectEntry  timestamp='1362311659085' resUri='platform:/resource/ovinger/jex/ov6.jex' fragmentId='//@requirements.1/@requirements.4/@requirements.5' key='test run status' value='false'/>
<eObjectEntry  timestamp='1362311669824' resUri='platform:/resource/ovinger/jex/ov6.jex' fragmentId='//@requirements.1/@requirements.4' key='test run status' value='false'/>
<eObjectEntry  timestamp='1362311669833' resUri='platform:/resource/ovinger/jex/ov6.jex' fragmentId='//@requirements.1/@requirements.4/@requirements.0' key='test run status' value='true'/>
<eObjectEntry  timestamp='1362311669839' resUri='platform:/resource/ovinger/jex/ov6.jex' fragmentId='//@requirements.1/@requirements.4/@requirements.1' key='test run status' value='false'/>
<eObjectEntry  timestamp='1362311669855' resUri='platform:/resource/ovinger/jex/ov6.jex' fragmentId='//@requirements.1/@requirements.4/@requirements.2' key='test run status' value='true'/>
<eObjectEntry  timestamp='1362311669885' resUri='platform:/resource/ovinger/jex/ov6.jex' fragmentId='//@requirements.1/@requirements.4/@requirements.3' key='test run status' value='false'/>
<eObjectEntry  timestamp='1362311669918' resUri='platform:/resource/ovinger/jex/ov6.jex' fragmentId='//@requirements.1/@requirements.4/@requirements.4' key='test run status' value='true'/>
<eObjectEntry  timestamp='1362311669923' resUri='platform:/resource/ovinger/jex/ov6.jex' fragmentId='//@requirements.1/@requirements.4/@requirements.5' key='test run status' value='false'/>
<eObjectEntry  timestamp='1362311677212' resUri='platform:/resource/ovinger/jex/ov6.jex' fragmentId='//@requirements.1/@requirements.4' key='test run status' value='false'/>
<eObjectEntry  timestamp='1362311677240' resUri='platform:/resource/ovinger/jex/ov6.jex' fragmentId='//@requirements.1/@requirements.4/@requirements.0' key='test run status' value='true'/>
<eObjectEntry  timestamp='1362311677270' resUri='platform:/resource/ovinger/jex/ov6.jex' fragmentId='//@requirements.1/@requirements.4/@requirements.1' key='test run status' value='false'/>
<eObjectEntry  timestamp='1362311677275' resUri='platform:/resource/ovinger/jex/ov6.jex' fragmentId='//@requirements.1/@requirements.4/@requirements.2' key='test run status' value='true'/>
<eObjectEntry  timestamp='1362311677285' resUri='platform:/resource/ovinger/jex/ov6.jex' fragmentId='//@requirements.1/@requirements.4/@requirements.3' key='test run status' value='false'/>
<eObjectEntry  timestamp='1362311677320' resUri='platform:/resource/ovinger/jex/ov6.jex' fragmentId='//@requirements.1/@requirements.4/@requirements.4' key='test run status' value='true'/>
<eObjectEntry  timestamp='1362311677352' resUri='platform:/resource/ovinger/jex/ov6.jex' fragmentId='//@requirements.1/@requirements.4/@requirements.5' key='test run status' value='false'/>
<eObjectEntry  timestamp='1362311698594' resUri='platform:/resource/ovinger/jex/ov6.jex' fragmentId='//@requirements.1/@requirements.4' key='test run status' value='false'/>
<eObjectEntry  timestamp='1362311698624' resUri='platform:/resource/ovinger/jex/ov6.jex' fragmentId='//@requirements.1/@requirements.4/@requirements.0' key='test run status' value='true'/>
<eObjectEntry  timestamp='1362311698653' resUri='platform:/resource/ovinger/jex/ov6.jex' fragmentId='//@requirements.1/@requirements.4/@requirements.1' key='test run status' value='false'/>
<eObjectEntry  timestamp='1362311698683' resUri='platform:/resource/ovinger/jex/ov6.jex' fragmentId='//@requirements.1/@requirements.4/@requirements.2' key='test run status' value='true'/>
<eObjectEntry  timestamp='1362311698688' resUri='platform:/resource/ovinger/jex/ov6.jex' fragmentId='//@requirements.1/@requirements.4/@requirements.3' key='test run status' value='false'/>
<eObjectEntry  timestamp='1362311698693' resUri='platform:/resource/ovinger/jex/ov6.jex' fragmentId='//@requirements.1/@requirements.4/@requirements.4' key='test run status' value='true'/>
<eObjectEntry  timestamp='1362311698698' resUri='platform:/resource/ovinger/jex/ov6.jex' fragmentId='//@requirements.1/@requirements.4/@requirements.5' key='test run status' value='false'/>
<eObjectEntry  timestamp='1362311851878' resUri='platform:/resource/ovinger/jex/ov6.jex' fragmentId='//@requirements.1/@requirements.4' key='junit test launch' value='CreditAccountTest'/>
<eObjectEntry  timestamp='1362311854520' resUri='platform:/resource/ovinger/jex/ov6.jex' fragmentId='//@requirements.1/@requirements.4' key='test run status' value='true'/>
<eObjectEntry  timestamp='1362311854541' resUri='platform:/resource/ovinger/jex/ov6.jex' fragmentId='//@requirements.1/@requirements.4/@requirements.0' key='test run status' value='true'/>
<eObjectEntry  timestamp='1362311854546' resUri='platform:/resource/ovinger/jex/ov6.jex' fragmentId='//@requirements.1/@requirements.4/@requirements.1' key='test run status' value='true'/>
<eObjectEntry  timestamp='1362311854552' resUri='platform:/resource/ovinger/jex/ov6.jex' fragmentId='//@requirements.1/@requirements.4/@requirements.2' key='test run status' value='true'/>
<eObjectEntry  timestamp='1362311854560' resUri='platform:/resource/ovinger/jex/ov6.jex' fragmentId='//@requirements.1/@requirements.4/@requirements.3' key='test run status' value='true'/>
<eObjectEntry  timestamp='1362311854581' resUri='platform:/resource/ovinger/jex/ov6.jex' fragmentId='//@requirements.1/@requirements.4/@requirements.4' key='test run status' value='true'/>
<eObjectEntry  timestamp='1362311854606' resUri='platform:/resource/ovinger/jex/ov6.jex' fragmentId='//@requirements.1/@requirements.4/@requirements.5' key='test run status' value='true'/>
<eObjectEntry  timestamp='1362311862903' resUri='platform:/resource/ovinger/jex/ov6.jex' fragmentId='//@requirements.1/@requirements.6' key='junit test launch' value='AccountOverviewTest'/>
<eObjectEntry  timestamp='1362311864361' resUri='platform:/resource/ovinger/jex/ov6.jex' fragmentId='//@requirements.1/@requirements.6' key='test run status' value='true'/>
<eObjectEntry  timestamp='1362311864370' resUri='platform:/resource/ovinger/jex/ov6.jex' fragmentId='//@requirements.1/@requirements.6/@requirements.0' key='test run status' value='true'/>
<eObjectEntry  timestamp='1362311864397' resUri='platform:/resource/ovinger/jex/ov6.jex' fragmentId='//@requirements.1/@requirements.6/@requirements.1' key='test run status' value='true'/>
<eObjectEntry  timestamp='1362311864429' resUri='platform:/resource/ovinger/jex/ov6.jex' fragmentId='//@requirements.1/@requirements.6/@requirements.2' key='test run status' value='true'/>
<eObjectEntry  timestamp='1362311864434' resUri='platform:/resource/ovinger/jex/ov6.jex' fragmentId='//@requirements.1/@requirements.6/@requirements.3' key='test run status' value='true'/>
<eObjectEntry  timestamp='1362321071631' resUri='platform:/resource/ovinger/jex/ov6.jex' fragmentId='//@javaElements.0/@classes.9' key='junit test launch' value='AllTests'/>
<eObjectEntry  timestamp='1362321071966' resUri='platform:/resource/ovinger/jex/ov6.jex' fragmentId='//@javaElements.0/@classes.9' key='junit test launch' value='AllTests'/>
<eObjectEntry  timestamp='1362321074299' resUri='platform:/resource/ovinger/jex/ov6.jex' fragmentId='//@requirements.0/@requirements.1' key='test run status' value='true'/>
<eObjectEntry  timestamp='1362321074304' resUri='platform:/resource/ovinger/jex/ov6.jex' fragmentId='//@requirements.0/@requirements.1/@requirements.0' key='test run status' value='true'/>
<eObjectEntry  timestamp='1362321074311' resUri='platform:/resource/ovinger/jex/ov6.jex' fragmentId='//@requirements.0/@requirements.1/@requirements.1' key='test run status' value='true'/>
<eObjectEntry  timestamp='1362321074331' resUri='platform:/resource/ovinger/jex/ov6.jex' fragmentId='//@requirements.0/@requirements.1/@requirements.2' key='test run status' value='true'/>
<eObjectEntry  timestamp='1362321074336' resUri='platform:/resource/ovinger/jex/ov6.jex' fragmentId='//@requirements.0/@requirements.1/@requirements.3' key='test run status' value='true'/>
<eObjectEntry  timestamp='1362321074345' resUri='platform:/resource/ovinger/jex/ov6.jex' fragmentId='//@requirements.1/@requirements.2' key='test run status' value='true'/>
<eObjectEntry  timestamp='1362321074349' resUri='platform:/resource/ovinger/jex/ov6.jex' fragmentId='//@requirements.1/@requirements.2/@requirements.0' key='test run status' value='true'/>
<eObjectEntry  timestamp='1362321074374' resUri='platform:/resource/ovinger/jex/ov6.jex' fragmentId='//@requirements.1/@requirements.2/@requirements.1' key='test run status' value='true'/>
<eObjectEntry  timestamp='1362321074400' resUri='platform:/resource/ovinger/jex/ov6.jex' fragmentId='//@requirements.1/@requirements.2/@requirements.2' key='test run status' value='true'/>
<eObjectEntry  timestamp='1362321074421' resUri='platform:/resource/ovinger/jex/ov6.jex' fragmentId='//@requirements.1/@requirements.2/@requirements.3' key='test run status' value='true'/>
<eObjectEntry  timestamp='1362321074442' resUri='platform:/resource/ovinger/jex/ov6.jex' fragmentId='//@requirements.1/@requirements.2/@requirements.4' key='test run status' value='true'/>
<eObjectEntry  timestamp='1362321074460' resUri='platform:/resource/ovinger/jex/ov6.jex' fragmentId='//@requirements.1/@requirements.4' key='test run status' value='true'/>
<eObjectEntry  timestamp='1362321074482' resUri='platform:/resource/ovinger/jex/ov6.jex' fragmentId='//@requirements.1/@requirements.4/@requirements.0' key='test run status' value='true'/>
<eObjectEntry  timestamp='1362321074487' resUri='platform:/resource/ovinger/jex/ov6.jex' fragmentId='//@requirements.1/@requirements.4/@requirements.1' key='test run status' value='true'/>
<eObjectEntry  timestamp='1362321074492' resUri='platform:/resource/ovinger/jex/ov6.jex' fragmentId='//@requirements.1/@requirements.4/@requirements.2' key='test run status' value='true'/>
<eObjectEntry  timestamp='1362321074501' resUri='platform:/resource/ovinger/jex/ov6.jex' fragmentId='//@requirements.1/@requirements.4/@requirements.3' key='test run status' value='true'/>
<eObjectEntry  timestamp='1362321074505' resUri='platform:/resource/ovinger/jex/ov6.jex' fragmentId='//@requirements.1/@requirements.4/@requirements.4' key='test run status' value='true'/>
<eObjectEntry  timestamp='1362321074526' resUri='platform:/resource/ovinger/jex/ov6.jex' fragmentId='//@requirements.1/@requirements.4/@requirements.5' key='test run status' value='true'/>
<eObjectEntry  timestamp='1362321074546' resUri='platform:/resource/ovinger/jex/ov6.jex' fragmentId='//@requirements.1/@requirements.6' key='test run status' value='true'/>
<eObjectEntry  timestamp='1362321074551' resUri='platform:/resource/ovinger/jex/ov6.jex' fragmentId='//@requirements.1/@requirements.6/@requirements.0' key='test run status' value='true'/>
<eObjectEntry  timestamp='1362321074559' resUri='platform:/resource/ovinger/jex/ov6.jex' fragmentId='//@requirements.1/@requirements.6/@requirements.1' key='test run status' value='true'/>
<eObjectEntry  timestamp='1362321074563' resUri='platform:/resource/ovinger/jex/ov6.jex' fragmentId='//@requirements.1/@requirements.6/@requirements.2' key='test run status' value='true'/>
<eObjectEntry  timestamp='1362321074571' resUri='platform:/resource/ovinger/jex/ov6.jex' fragmentId='//@requirements.1/@requirements.6/@requirements.3' key='test run status' value='true'/>
<eObjectEntry  timestamp='1362321075698' resUri='platform:/resource/ovinger/jex/ov6.jex' fragmentId='//@requirements.0/@requirements.1' key='test run status' value='true'/>
<eObjectEntry  timestamp='1362321075702' resUri='platform:/resource/ovinger/jex/ov6.jex' fragmentId='//@requirements.0/@requirements.1/@requirements.0' key='test run status' value='true'/>
<eObjectEntry  timestamp='1362321075710' resUri='platform:/resource/ovinger/jex/ov6.jex' fragmentId='//@requirements.0/@requirements.1/@requirements.1' key='test run status' value='true'/>
<eObjectEntry  timestamp='1362321075715' resUri='platform:/resource/ovinger/jex/ov6.jex' fragmentId='//@requirements.0/@requirements.1/@requirements.2' key='test run status' value='true'/>
<eObjectEntry  timestamp='1362321075742' resUri='platform:/resource/ovinger/jex/ov6.jex' fragmentId='//@requirements.0/@requirements.1/@requirements.3' key='test run status' value='true'/>
<eObjectEntry  timestamp='1362321075768' resUri='platform:/resource/ovinger/jex/ov6.jex' fragmentId='//@requirements.1/@requirements.2' key='test run status' value='true'/>
<eObjectEntry  timestamp='1362321075776' resUri='platform:/resource/ovinger/jex/ov6.jex' fragmentId='//@requirements.1/@requirements.2/@requirements.0' key='test run status' value='true'/>
<eObjectEntry  timestamp='1362321075782' resUri='platform:/resource/ovinger/jex/ov6.jex' fragmentId='//@requirements.1/@requirements.2/@requirements.1' key='test run status' value='true'/>
<eObjectEntry  timestamp='1362321075787' resUri='platform:/resource/ovinger/jex/ov6.jex' fragmentId='//@requirements.1/@requirements.2/@requirements.2' key='test run status' value='true'/>
<eObjectEntry  timestamp='1362321075795' resUri='platform:/resource/ovinger/jex/ov6.jex' fragmentId='//@requirements.1/@requirements.2/@requirements.3' key='test run status' value='true'/>
<eObjectEntry  timestamp='1362321075800' resUri='platform:/resource/ovinger/jex/ov6.jex' fragmentId='//@requirements.1/@requirements.2/@requirements.4' key='test run status' value='true'/>
<eObjectEntry  timestamp='1362321075805' resUri='platform:/resource/ovinger/jex/ov6.jex' fragmentId='//@requirements.1/@requirements.4' key='test run status' value='true'/>
<eObjectEntry  timestamp='1362321075813' resUri='platform:/resource/ovinger/jex/ov6.jex' fragmentId='//@requirements.1/@requirements.4/@requirements.0' key='test run status' value='true'/>
<eObjectEntry  timestamp='1362321075820' resUri='platform:/resource/ovinger/jex/ov6.jex' fragmentId='//@requirements.1/@requirements.4/@requirements.1' key='test run status' value='true'/>
<eObjectEntry  timestamp='1362321075878' resUri='platform:/resource/ovinger/jex/ov6.jex' fragmentId='//@requirements.1/@requirements.4/@requirements.2' key='test run status' value='true'/>
<eObjectEntry  timestamp='1362321075908' resUri='platform:/resource/ovinger/jex/ov6.jex' fragmentId='//@requirements.1/@requirements.4/@requirements.3' key='test run status' value='true'/>
<eObjectEntry  timestamp='1362321075933' resUri='platform:/resource/ovinger/jex/ov6.jex' fragmentId='//@requirements.1/@requirements.4/@requirements.4' key='test run status' value='true'/>
<eObjectEntry  timestamp='1362321075959' resUri='platform:/resource/ovinger/jex/ov6.jex' fragmentId='//@requirements.1/@requirements.4/@requirements.5' key='test run status' value='true'/>
<eObjectEntry  timestamp='1362321075986' resUri='platform:/resource/ovinger/jex/ov6.jex' fragmentId='//@requirements.1/@requirements.6' key='test run status' value='true'/>
<eObjectEntry  timestamp='1362321076017' resUri='platform:/resource/ovinger/jex/ov6.jex' fragmentId='//@requirements.1/@requirements.6/@requirements.0' key='test run status' value='true'/>
<eObjectEntry  timestamp='1362321076023' resUri='platform:/resource/ovinger/jex/ov6.jex' fragmentId='//@requirements.1/@requirements.6/@requirements.1' key='test run status' value='true'/>
<eObjectEntry  timestamp='1362321076032' resUri='platform:/resource/ovinger/jex/ov6.jex' fragmentId='//@requirements.1/@requirements.6/@requirements.2' key='test run status' value='true'/>
<eObjectEntry  timestamp='1362321076037' resUri='platform:/resource/ovinger/jex/ov6.jex' fragmentId='//@requirements.1/@requirements.6/@requirements.3' key='test run status' value='true'/>
<eResourceEntry  timestamp='1362321159529' resUri='platform:/resource/ovinger/jex/ov6.jex' key='resource selected' value='null'/>
<eResourceEntry  timestamp='1362321163245' resUri='platform:/resource/ovinger/jex/ov6.jex' key='resource selected' value='null'/>
<eResourceEntry  timestamp='1362513507608' resUri='platform:/resource/ovinger/jex/ov6.jex' key='resource selected' value='null'/>
<eObjectEntry  timestamp='1362513508428' resUri='platform:/resource/ovinger/jex/ov6.jex' fragmentId='//@javaElements.0/@classes.9' key='junit test launch' value='AllTests'/>
<eObjectEntry  timestamp='1362513510506' resUri='platform:/resource/ovinger/jex/ov6.jex' fragmentId='//@requirements.0/@requirements.1' key='test run status' value='true'/>
<eObjectEntry  timestamp='1362513510508' resUri='platform:/resource/ovinger/jex/ov6.jex' fragmentId='//@requirements.0/@requirements.1/@requirements.0' key='test run status' value='true'/>
<eObjectEntry  timestamp='1362513510512' resUri='platform:/resource/ovinger/jex/ov6.jex' fragmentId='//@requirements.0/@requirements.1/@requirements.1' key='test run status' value='true'/>
<eObjectEntry  timestamp='1362513510526' resUri='platform:/resource/ovinger/jex/ov6.jex' fragmentId='//@requirements.0/@requirements.1/@requirements.2' key='test run status' value='true'/>
<eObjectEntry  timestamp='1362513510529' resUri='platform:/resource/ovinger/jex/ov6.jex' fragmentId='//@requirements.0/@requirements.1/@requirements.3' key='test run status' value='true'/>
<eObjectEntry  timestamp='1362513510532' resUri='platform:/resource/ovinger/jex/ov6.jex' fragmentId='//@requirements.1/@requirements.2' key='test run status' value='true'/>
<eObjectEntry  timestamp='1362513510534' resUri='platform:/resource/ovinger/jex/ov6.jex' fragmentId='//@requirements.1/@requirements.2/@requirements.0' key='test run status' value='true'/>
<eObjectEntry  timestamp='1362513510536' resUri='platform:/resource/ovinger/jex/ov6.jex' fragmentId='//@requirements.1/@requirements.2/@requirements.1' key='test run status' value='true'/>
<eObjectEntry  timestamp='1362513510539' resUri='platform:/resource/ovinger/jex/ov6.jex' fragmentId='//@requirements.1/@requirements.2/@requirements.2' key='test run status' value='true'/>
<eObjectEntry  timestamp='1362513510542' resUri='platform:/resource/ovinger/jex/ov6.jex' fragmentId='//@requirements.1/@requirements.2/@requirements.3' key='test run status' value='true'/>
<eObjectEntry  timestamp='1362513510544' resUri='platform:/resource/ovinger/jex/ov6.jex' fragmentId='//@requirements.1/@requirements.2/@requirements.4' key='test run status' value='true'/>
<eObjectEntry  timestamp='1362513510547' resUri='platform:/resource/ovinger/jex/ov6.jex' fragmentId='//@requirements.1/@requirements.4' key='test run status' value='true'/>
<eObjectEntry  timestamp='1362513510558' resUri='platform:/resource/ovinger/jex/ov6.jex' fragmentId='//@requirements.1/@requirements.4/@requirements.0' key='test run status' value='true'/>
<eObjectEntry  timestamp='1362513510568' resUri='platform:/resource/ovinger/jex/ov6.jex' fragmentId='//@requirements.1/@requirements.4/@requirements.1' key='test run status' value='true'/>
<eObjectEntry  timestamp='1362513510578' resUri='platform:/resource/ovinger/jex/ov6.jex' fragmentId='//@requirements.1/@requirements.4/@requirements.2' key='test run status' value='true'/>
<eObjectEntry  timestamp='1362513510588' resUri='platform:/resource/ovinger/jex/ov6.jex' fragmentId='//@requirements.1/@requirements.4/@requirements.3' key='test run status' value='true'/>
<eObjectEntry  timestamp='1362513510590' resUri='platform:/resource/ovinger/jex/ov6.jex' fragmentId='//@requirements.1/@requirements.4/@requirements.4' key='test run status' value='true'/>
<eObjectEntry  timestamp='1362513510593' resUri='platform:/resource/ovinger/jex/ov6.jex' fragmentId='//@requirements.1/@requirements.4/@requirements.5' key='test run status' value='true'/>
<eObjectEntry  timestamp='1362513510599' resUri='platform:/resource/ovinger/jex/ov6.jex' fragmentId='//@requirements.1/@requirements.6' key='test run status' value='true'/>
<eObjectEntry  timestamp='1362513510602' resUri='platform:/resource/ovinger/jex/ov6.jex' fragmentId='//@requirements.1/@requirements.6/@requirements.0' key='test run status' value='true'/>
<eObjectEntry  timestamp='1362513510604' resUri='platform:/resource/ovinger/jex/ov6.jex' fragmentId='//@requirements.1/@requirements.6/@requirements.1' key='test run status' value='true'/>
<eObjectEntry  timestamp='1362513510607' resUri='platform:/resource/ovinger/jex/ov6.jex' fragmentId='//@requirements.1/@requirements.6/@requirements.2' key='test run status' value='true'/>
<eObjectEntry  timestamp='1362513510609' resUri='platform:/resource/ovinger/jex/ov6.jex' fragmentId='//@requirements.1/@requirements.6/@requirements.3' key='test run status' value='true'/>
<eResourceEntry  timestamp='1362564096395' resUri='platform:/resource/ovinger/jex/ov6.jex' key='resource selected' value='null'/>
<eObjectEntry  timestamp='1362564097388' resUri='platform:/resource/ovinger/jex/ov6.jex' fragmentId='//@javaElements.0/@classes.9' key='junit test launch' value='AllTests'/>
<eObjectEntry  timestamp='1362564098547' resUri='platform:/resource/ovinger/jex/ov6.jex' fragmentId='//@requirements.0/@requirements.1' key='test run status' value='true'/>
<eObjectEntry  timestamp='1362564098552' resUri='platform:/resource/ovinger/jex/ov6.jex' fragmentId='//@requirements.0/@requirements.1/@requirements.0' key='test run status' value='true'/>
<eObjectEntry  timestamp='1362564098580' resUri='platform:/resource/ovinger/jex/ov6.jex' fragmentId='//@requirements.0/@requirements.1/@requirements.1' key='test run status' value='true'/>
<eObjectEntry  timestamp='1362564098583' resUri='platform:/resource/ovinger/jex/ov6.jex' fragmentId='//@requirements.0/@requirements.1/@requirements.2' key='test run status' value='true'/>
<eObjectEntry  timestamp='1362564098586' resUri='platform:/resource/ovinger/jex/ov6.jex' fragmentId='//@requirements.0/@requirements.1/@requirements.3' key='test run status' value='true'/>
<eObjectEntry  timestamp='1362564098589' resUri='platform:/resource/ovinger/jex/ov6.jex' fragmentId='//@requirements.1/@requirements.2' key='test run status' value='true'/>
<eObjectEntry  timestamp='1362564098597' resUri='platform:/resource/ovinger/jex/ov6.jex' fragmentId='//@requirements.1/@requirements.2/@requirements.0' key='test run status' value='true'/>
<eObjectEntry  timestamp='1362564098602' resUri='platform:/resource/ovinger/jex/ov6.jex' fragmentId='//@requirements.1/@requirements.2/@requirements.1' key='test run status' value='true'/>
<eObjectEntry  timestamp='1362564098607' resUri='platform:/resource/ovinger/jex/ov6.jex' fragmentId='//@requirements.1/@requirements.2/@requirements.2' key='test run status' value='true'/>
<eObjectEntry  timestamp='1362564098613' resUri='platform:/resource/ovinger/jex/ov6.jex' fragmentId='//@requirements.1/@requirements.2/@requirements.3' key='test run status' value='true'/>
<eObjectEntry  timestamp='1362564098616' resUri='platform:/resource/ovinger/jex/ov6.jex' fragmentId='//@requirements.1/@requirements.2/@requirements.4' key='test run status' value='true'/>
<eObjectEntry  timestamp='1362564098619' resUri='platform:/resource/ovinger/jex/ov6.jex' fragmentId='//@requirements.1/@requirements.4' key='test run status' value='true'/>
<eObjectEntry  timestamp='1362564098623' resUri='platform:/resource/ovinger/jex/ov6.jex' fragmentId='//@requirements.1/@requirements.4/@requirements.0' key='test run status' value='true'/>
<eObjectEntry  timestamp='1362564098632' resUri='platform:/resource/ovinger/jex/ov6.jex' fragmentId='//@requirements.1/@requirements.4/@requirements.1' key='test run status' value='true'/>
<eObjectEntry  timestamp='1362564098636' resUri='platform:/resource/ovinger/jex/ov6.jex' fragmentId='//@requirements.1/@requirements.4/@requirements.2' key='test run status' value='true'/>
<eObjectEntry  timestamp='1362564098640' resUri='platform:/resource/ovinger/jex/ov6.jex' fragmentId='//@requirements.1/@requirements.4/@requirements.3' key='test run status' value='true'/>
<eObjectEntry  timestamp='1362564098651' resUri='platform:/resource/ovinger/jex/ov6.jex' fragmentId='//@requirements.1/@requirements.4/@requirements.4' key='test run status' value='true'/>
<eObjectEntry  timestamp='1362564098656' resUri='platform:/resource/ovinger/jex/ov6.jex' fragmentId='//@requirements.1/@requirements.4/@requirements.5' key='test run status' value='true'/>
<eObjectEntry  timestamp='1362564098661' resUri='platform:/resource/ovinger/jex/ov6.jex' fragmentId='//@requirements.1/@requirements.6' key='test run status' value='true'/>
<eObjectEntry  timestamp='1362564098669' resUri='platform:/resource/ovinger/jex/ov6.jex' fragmentId='//@requirements.1/@requirements.6/@requirements.0' key='test run status' value='true'/>
<eObjectEntry  timestamp='1362564098687' resUri='platform:/resource/ovinger/jex/ov6.jex' fragmentId='//@requirements.1/@requirements.6/@requirements.1' key='test run status' value='true'/>
<eObjectEntry  timestamp='1362564098714' resUri='platform:/resource/ovinger/jex/ov6.jex' fragmentId='//@requirements.1/@requirements.6/@requirements.2' key='test run status' value='true'/>
<eObjectEntry  timestamp='1362564098720' resUri='platform:/resource/ovinger/jex/ov6.jex' fragmentId='//@requirements.1/@requirements.6/@requirements.3' key='test run status' value='true'/>
<eObjectEntry  timestamp='1362744146302' resUri='platform:/resource/ovinger/jex/ov6.jex' fragmentId='//@requirements.0/@requirements.1' key='test run status' value='true'/>
<eObjectEntry  timestamp='1362744146308' resUri='platform:/resource/ovinger/jex/ov6.jex' fragmentId='//@requirements.0/@requirements.1/@requirements.0' key='test run status' value='true'/>
<eObjectEntry  timestamp='1362744146312' resUri='platform:/resource/ovinger/jex/ov6.jex' fragmentId='//@requirements.0/@requirements.1/@requirements.1' key='test run status' value='true'/>
<eObjectEntry  timestamp='1362744146316' resUri='platform:/resource/ovinger/jex/ov6.jex' fragmentId='//@requirements.0/@requirements.1/@requirements.2' key='test run status' value='true'/>
<eObjectEntry  timestamp='1362744146320' resUri='platform:/resource/ovinger/jex/ov6.jex' fragmentId='//@requirements.0/@requirements.1/@requirements.3' key='test run status' value='true'/>
<eObjectEntry  timestamp='1362744146328' resUri='platform:/resource/ovinger/jex/ov6.jex' fragmentId='//@requirements.1/@requirements.2' key='test run status' value='true'/>
<eObjectEntry  timestamp='1362744146332' resUri='platform:/resource/ovinger/jex/ov6.jex' fragmentId='//@requirements.1/@requirements.2/@requirements.0' key='test run status' value='true'/>
<eObjectEntry  timestamp='1362744146336' resUri='platform:/resource/ovinger/jex/ov6.jex' fragmentId='//@requirements.1/@requirements.2/@requirements.1' key='test run status' value='true'/>
<eObjectEntry  timestamp='1362744146340' resUri='platform:/resource/ovinger/jex/ov6.jex' fragmentId='//@requirements.1/@requirements.2/@requirements.2' key='test run status' value='true'/>
<eObjectEntry  timestamp='1362744146355' resUri='platform:/resource/ovinger/jex/ov6.jex' fragmentId='//@requirements.1/@requirements.2/@requirements.3' key='test run status' value='true'/>
<eObjectEntry  timestamp='1362744146359' resUri='platform:/resource/ovinger/jex/ov6.jex' fragmentId='//@requirements.1/@requirements.2/@requirements.4' key='test run status' value='true'/>
<eObjectEntry  timestamp='1362744146364' resUri='platform:/resource/ovinger/jex/ov6.jex' fragmentId='//@requirements.1/@requirements.4' key='test run status' value='true'/>
<eObjectEntry  timestamp='1362744146368' resUri='platform:/resource/ovinger/jex/ov6.jex' fragmentId='//@requirements.1/@requirements.4/@requirements.0' key='test run status' value='true'/>
<eObjectEntry  timestamp='1362744146387' resUri='platform:/resource/ovinger/jex/ov6.jex' fragmentId='//@requirements.1/@requirements.4/@requirements.1' key='test run status' value='true'/>
<eObjectEntry  timestamp='1362744146416' resUri='platform:/resource/ovinger/jex/ov6.jex' fragmentId='//@requirements.1/@requirements.4/@requirements.2' key='test run status' value='true'/>
<eObjectEntry  timestamp='1362744146446' resUri='platform:/resource/ovinger/jex/ov6.jex' fragmentId='//@requirements.1/@requirements.4/@requirements.3' key='test run status' value='true'/>
<eObjectEntry  timestamp='1362744146470' resUri='platform:/resource/ovinger/jex/ov6.jex' fragmentId='//@requirements.1/@requirements.4/@requirements.4' key='test run status' value='true'/>
<eObjectEntry  timestamp='1362744146477' resUri='platform:/resource/ovinger/jex/ov6.jex' fragmentId='//@requirements.1/@requirements.4/@requirements.5' key='test run status' value='true'/>
<eObjectEntry  timestamp='1362744146482' resUri='platform:/resource/ovinger/jex/ov6.jex' fragmentId='//@requirements.1/@requirements.6' key='test run status' value='true'/>
<eObjectEntry  timestamp='1362744146496' resUri='platform:/resource/ovinger/jex/ov6.jex' fragmentId='//@requirements.1/@requirements.6/@requirements.0' key='test run status' value='true'/>
<eObjectEntry  timestamp='1362744146504' resUri='platform:/resource/ovinger/jex/ov6.jex' fragmentId='//@requirements.1/@requirements.6/@requirements.1' key='test run status' value='true'/>
<eObjectEntry  timestamp='1362744146510' resUri='platform:/resource/ovinger/jex/ov6.jex' fragmentId='//@requirements.1/@requirements.6/@requirements.2' key='test run status' value='true'/>
<eObjectEntry  timestamp='1362744146516' resUri='platform:/resource/ovinger/jex/ov6.jex' fragmentId='//@requirements.1/@requirements.6/@requirements.3' key='test run status' value='true'/>
<eObjectEntry  timestamp='1362744590139' resUri='platform:/resource/ovinger/jex/ov6.jex' fragmentId='//@requirements.0/@requirements.1' key='test run status' value='false'/>
<eObjectEntry  timestamp='1362744590143' resUri='platform:/resource/ovinger/jex/ov6.jex' fragmentId='//@requirements.0/@requirements.1/@requirements.0' key='test run status' value='true'/>
<eObjectEntry  timestamp='1362744590148' resUri='platform:/resource/ovinger/jex/ov6.jex' fragmentId='//@requirements.0/@requirements.1/@requirements.1' key='test run status' value='true'/>
<eObjectEntry  timestamp='1362744590158' resUri='platform:/resource/ovinger/jex/ov6.jex' fragmentId='//@requirements.0/@requirements.1/@requirements.2' key='test run status' value='true'/>
<eObjectEntry  timestamp='1362744590175' resUri='platform:/resource/ovinger/jex/ov6.jex' fragmentId='//@requirements.0/@requirements.1/@requirements.3' key='test run status' value='false'/>
<eObjectEntry  timestamp='1362744590182' resUri='platform:/resource/ovinger/jex/ov6.jex' fragmentId='//@requirements.1/@requirements.2' key='test run status' value='true'/>
<eObjectEntry  timestamp='1362744590190' resUri='platform:/resource/ovinger/jex/ov6.jex' fragmentId='//@requirements.1/@requirements.2/@requirements.0' key='test run status' value='true'/>
<eObjectEntry  timestamp='1362744590196' resUri='platform:/resource/ovinger/jex/ov6.jex' fragmentId='//@requirements.1/@requirements.2/@requirements.1' key='test run status' value='true'/>
<eObjectEntry  timestamp='1362744590201' resUri='platform:/resource/ovinger/jex/ov6.jex' fragmentId='//@requirements.1/@requirements.2/@requirements.2' key='test run status' value='true'/>
<eObjectEntry  timestamp='1362744590225' resUri='platform:/resource/ovinger/jex/ov6.jex' fragmentId='//@requirements.1/@requirements.2/@requirements.3' key='test run status' value='true'/>
<eObjectEntry  timestamp='1362744590245' resUri='platform:/resource/ovinger/jex/ov6.jex' fragmentId='//@requirements.1/@requirements.2/@requirements.4' key='test run status' value='true'/>
<eObjectEntry  timestamp='1362744590253' resUri='platform:/resource/ovinger/jex/ov6.jex' fragmentId='//@requirements.1/@requirements.4' key='test run status' value='true'/>
<eObjectEntry  timestamp='1362744590258' resUri='platform:/resource/ovinger/jex/ov6.jex' fragmentId='//@requirements.1/@requirements.4/@requirements.0' key='test run status' value='true'/>
<eObjectEntry  timestamp='1362744590263' resUri='platform:/resource/ovinger/jex/ov6.jex' fragmentId='//@requirements.1/@requirements.4/@requirements.1' key='test run status' value='true'/>
<eObjectEntry  timestamp='1362744590267' resUri='platform:/resource/ovinger/jex/ov6.jex' fragmentId='//@requirements.1/@requirements.4/@requirements.2' key='test run status' value='true'/>
<eObjectEntry  timestamp='1362744590275' resUri='platform:/resource/ovinger/jex/ov6.jex' fragmentId='//@requirements.1/@requirements.4/@requirements.3' key='test run status' value='true'/>
<eObjectEntry  timestamp='1362744590278' resUri='platform:/resource/ovinger/jex/ov6.jex' fragmentId='//@requirements.1/@requirements.4/@requirements.4' key='test run status' value='true'/>
<eObjectEntry  timestamp='1362744590282' resUri='platform:/resource/ovinger/jex/ov6.jex' fragmentId='//@requirements.1/@requirements.4/@requirements.5' key='test run status' value='true'/>
<eObjectEntry  timestamp='1362744590290' resUri='platform:/resource/ovinger/jex/ov6.jex' fragmentId='//@requirements.1/@requirements.6' key='test run status' value='true'/>
<eObjectEntry  timestamp='1362744590295' resUri='platform:/resource/ovinger/jex/ov6.jex' fragmentId='//@requirements.1/@requirements.6/@requirements.0' key='test run status' value='true'/>
<eObjectEntry  timestamp='1362744590299' resUri='platform:/resource/ovinger/jex/ov6.jex' fragmentId='//@requirements.1/@requirements.6/@requirements.1' key='test run status' value='true'/>
<eObjectEntry  timestamp='1362744590303' resUri='platform:/resource/ovinger/jex/ov6.jex' fragmentId='//@requirements.1/@requirements.6/@requirements.2' key='test run status' value='true'/>
<eObjectEntry  timestamp='1362744590311' resUri='platform:/resource/ovinger/jex/ov6.jex' fragmentId='//@requirements.1/@requirements.6/@requirements.3' key='test run status' value='true'/>
<eObjectEntry  timestamp='1362744738643' resUri='platform:/resource/ovinger/jex/ov6.jex' fragmentId='//@requirements.0/@requirements.1' key='test run status' value='true'/>
<eObjectEntry  timestamp='1362744738650' resUri='platform:/resource/ovinger/jex/ov6.jex' fragmentId='//@requirements.0/@requirements.1/@requirements.0' key='test run status' value='true'/>
<eObjectEntry  timestamp='1362744738659' resUri='platform:/resource/ovinger/jex/ov6.jex' fragmentId='//@requirements.0/@requirements.1/@requirements.1' key='test run status' value='true'/>
<eObjectEntry  timestamp='1362744738663' resUri='platform:/resource/ovinger/jex/ov6.jex' fragmentId='//@requirements.0/@requirements.1/@requirements.2' key='test run status' value='true'/>
<eObjectEntry  timestamp='1362744738666' resUri='platform:/resource/ovinger/jex/ov6.jex' fragmentId='//@requirements.0/@requirements.1/@requirements.3' key='test run status' value='true'/>
<eObjectEntry  timestamp='1362744738673' resUri='platform:/resource/ovinger/jex/ov6.jex' fragmentId='//@requirements.1/@requirements.2' key='test run status' value='true'/>
<eObjectEntry  timestamp='1362744738677' resUri='platform:/resource/ovinger/jex/ov6.jex' fragmentId='//@requirements.1/@requirements.2/@requirements.0' key='test run status' value='true'/>
<eObjectEntry  timestamp='1362744738682' resUri='platform:/resource/ovinger/jex/ov6.jex' fragmentId='//@requirements.1/@requirements.2/@requirements.1' key='test run status' value='true'/>
<eObjectEntry  timestamp='1362744738689' resUri='platform:/resource/ovinger/jex/ov6.jex' fragmentId='//@requirements.1/@requirements.2/@requirements.2' key='test run status' value='true'/>
<eObjectEntry  timestamp='1362744738694' resUri='platform:/resource/ovinger/jex/ov6.jex' fragmentId='//@requirements.1/@requirements.2/@requirements.3' key='test run status' value='true'/>
<eObjectEntry  timestamp='1362744738698' resUri='platform:/resource/ovinger/jex/ov6.jex' fragmentId='//@requirements.1/@requirements.2/@requirements.4' key='test run status' value='true'/>
<eObjectEntry  timestamp='1362744738708' resUri='platform:/resource/ovinger/jex/ov6.jex' fragmentId='//@requirements.1/@requirements.4' key='test run status' value='true'/>
<eObjectEntry  timestamp='1362744738712' resUri='platform:/resource/ovinger/jex/ov6.jex' fragmentId='//@requirements.1/@requirements.4/@requirements.0' key='test run status' value='true'/>
<eObjectEntry  timestamp='1362744738717' resUri='platform:/resource/ovinger/jex/ov6.jex' fragmentId='//@requirements.1/@requirements.4/@requirements.1' key='test run status' value='true'/>
<eObjectEntry  timestamp='1362744738721' resUri='platform:/resource/ovinger/jex/ov6.jex' fragmentId='//@requirements.1/@requirements.4/@requirements.2' key='test run status' value='true'/>
<eObjectEntry  timestamp='1362744738729' resUri='platform:/resource/ovinger/jex/ov6.jex' fragmentId='//@requirements.1/@requirements.4/@requirements.3' key='test run status' value='true'/>
<eObjectEntry  timestamp='1362744738755' resUri='platform:/resource/ovinger/jex/ov6.jex' fragmentId='//@requirements.1/@requirements.4/@requirements.4' key='test run status' value='true'/>
<eObjectEntry  timestamp='1362744738765' resUri='platform:/resource/ovinger/jex/ov6.jex' fragmentId='//@requirements.1/@requirements.4/@requirements.5' key='test run status' value='true'/>
<eObjectEntry  timestamp='1362744738788' resUri='platform:/resource/ovinger/jex/ov6.jex' fragmentId='//@requirements.1/@requirements.6' key='test run status' value='true'/>
<eObjectEntry  timestamp='1362744738815' resUri='platform:/resource/ovinger/jex/ov6.jex' fragmentId='//@requirements.1/@requirements.6/@requirements.0' key='test run status' value='true'/>
<eObjectEntry  timestamp='1362744738840' resUri='platform:/resource/ovinger/jex/ov6.jex' fragmentId='//@requirements.1/@requirements.6/@requirements.1' key='test run status' value='true'/>
<eObjectEntry  timestamp='1362744738863' resUri='platform:/resource/ovinger/jex/ov6.jex' fragmentId='//@requirements.1/@requirements.6/@requirements.2' key='test run status' value='true'/>
<eObjectEntry  timestamp='1362744738868' resUri='platform:/resource/ovinger/jex/ov6.jex' fragmentId='//@requirements.1/@requirements.6/@requirements.3' key='test run status' value='true'/>
<eResourceEntry  timestamp='1363160855910' resUri='platform:/resource/ovinger/jex/ov6.jex' key='resource selected' value='null'/>
<eObjectEntry  timestamp='1363160856992' resUri='platform:/resource/ovinger/jex/ov6.jex' fragmentId='//@javaElements.0/@classes.9' key='junit test launch' value='AllTests'/>
<eObjectEntry  timestamp='1363160860169' resUri='platform:/resource/ovinger/jex/ov6.jex' fragmentId='//@requirements.0/@requirements.1' key='test run status' value='true'/>
<eObjectEntry  timestamp='1363160860249' resUri='platform:/resource/ovinger/jex/ov6.jex' fragmentId='//@requirements.0/@requirements.1/@requirements.0' key='test run status' value='true'/>
<eObjectEntry  timestamp='1363160860257' resUri='platform:/resource/ovinger/jex/ov6.jex' fragmentId='//@requirements.0/@requirements.1/@requirements.1' key='test run status' value='true'/>
<eObjectEntry  timestamp='1363160860263' resUri='platform:/resource/ovinger/jex/ov6.jex' fragmentId='//@requirements.0/@requirements.1/@requirements.2' key='test run status' value='true'/>
<eObjectEntry  timestamp='1363160860276' resUri='platform:/resource/ovinger/jex/ov6.jex' fragmentId='//@requirements.0/@requirements.1/@requirements.3' key='test run status' value='true'/>
<eObjectEntry  timestamp='1363160860287' resUri='platform:/resource/ovinger/jex/ov6.jex' fragmentId='//@requirements.1/@requirements.2' key='test run status' value='true'/>
<eObjectEntry  timestamp='1363160860333' resUri='platform:/resource/ovinger/jex/ov6.jex' fragmentId='//@requirements.1/@requirements.2/@requirements.0' key='test run status' value='true'/>
<eObjectEntry  timestamp='1363160860339' resUri='platform:/resource/ovinger/jex/ov6.jex' fragmentId='//@requirements.1/@requirements.2/@requirements.1' key='test run status' value='true'/>
<eObjectEntry  timestamp='1363160860344' resUri='platform:/resource/ovinger/jex/ov6.jex' fragmentId='//@requirements.1/@requirements.2/@requirements.2' key='test run status' value='true'/>
<eObjectEntry  timestamp='1363160860386' resUri='platform:/resource/ovinger/jex/ov6.jex' fragmentId='//@requirements.1/@requirements.2/@requirements.3' key='test run status' value='true'/>
<eObjectEntry  timestamp='1363160860394' resUri='platform:/resource/ovinger/jex/ov6.jex' fragmentId='//@requirements.1/@requirements.2/@requirements.4' key='test run status' value='true'/>
<eObjectEntry  timestamp='1363160860404' resUri='platform:/resource/ovinger/jex/ov6.jex' fragmentId='//@requirements.1/@requirements.4' key='test run status' value='true'/>
<eObjectEntry  timestamp='1363160860414' resUri='platform:/resource/ovinger/jex/ov6.jex' fragmentId='//@requirements.1/@requirements.4/@requirements.0' key='test run status' value='true'/>
<eObjectEntry  timestamp='1363160860460' resUri='platform:/resource/ovinger/jex/ov6.jex' fragmentId='//@requirements.1/@requirements.4/@requirements.1' key='test run status' value='true'/>
<eObjectEntry  timestamp='1363160860468' resUri='platform:/resource/ovinger/jex/ov6.jex' fragmentId='//@requirements.1/@requirements.4/@requirements.2' key='test run status' value='true'/>
<eObjectEntry  timestamp='1363160860479' resUri='platform:/resource/ovinger/jex/ov6.jex' fragmentId='//@requirements.1/@requirements.4/@requirements.3' key='test run status' value='true'/>
<eObjectEntry  timestamp='1363160860491' resUri='platform:/resource/ovinger/jex/ov6.jex' fragmentId='//@requirements.1/@requirements.4/@requirements.4' key='test run status' value='true'/>
<eObjectEntry  timestamp='1363160860498' resUri='platform:/resource/ovinger/jex/ov6.jex' fragmentId='//@requirements.1/@requirements.4/@requirements.5' key='test run status' value='true'/>
<eObjectEntry  timestamp='1363160860504' resUri='platform:/resource/ovinger/jex/ov6.jex' fragmentId='//@requirements.1/@requirements.6' key='test run status' value='true'/>
<eObjectEntry  timestamp='1363160860515' resUri='platform:/resource/ovinger/jex/ov6.jex' fragmentId='//@requirements.1/@requirements.6/@requirements.0' key='test run status' value='true'/>
<eObjectEntry  timestamp='1363160860562' resUri='platform:/resource/ovinger/jex/ov6.jex' fragmentId='//@requirements.1/@requirements.6/@requirements.1' key='test run status' value='true'/>
<eObjectEntry  timestamp='1363160860568' resUri='platform:/resource/ovinger/jex/ov6.jex' fragmentId='//@requirements.1/@requirements.6/@requirements.2' key='test run status' value='true'/>
<eObjectEntry  timestamp='1363160860574' resUri='platform:/resource/ovinger/jex/ov6.jex' fragmentId='//@requirements.1/@requirements.6/@requirements.3' key='test run status' value='true'/>
