<eResourceEntry  timestamp='1365425329547' resUri='platform:/resource/ovinger/jex/ov9.jex' key='resource selected' value='null'/>
<eObjectEntry  timestamp='1365425353367' resUri='platform:/resource/ovinger/jex/ov9.jex' fragmentId='//@requirements.0/@requirements.1/@requirements.3' key='junit test launch' value='testAddListListener'/>
<eObjectEntry  timestamp='1365425357880' resUri='platform:/resource/ovinger/jex/ov9.jex' fragmentId='//@requirements.0/@requirements.1/@requirements.3' key='test run status' value='false'/>
<eObjectEntry  timestamp='1365425413222' resUri='platform:/resource/ovinger/jex/ov9.jex' fragmentId='//@requirements.0/@requirements.1/@requirements.3' key='junit test launch' value='testAddListListener'/>
<eObjectEntry  timestamp='1365425416909' resUri='platform:/resource/ovinger/jex/ov9.jex' fragmentId='//@requirements.0/@requirements.1/@requirements.3' key='test run status' value='false'/>
<eObjectEntry  timestamp='1365425430611' resUri='platform:/resource/ovinger/jex/ov9.jex' fragmentId='//@requirements.0/@requirements.1/@requirements.3' key='junit test launch' value='testAddListListener'/>
<eObjectEntry  timestamp='1365425434868' resUri='platform:/resource/ovinger/jex/ov9.jex' fragmentId='//@requirements.0/@requirements.1/@requirements.3' key='test run status' value='false'/>
<eObjectEntry  timestamp='1365425710627' resUri='platform:/resource/ovinger/jex/ov9.jex' fragmentId='//@requirements.0/@requirements.1/@requirements.3' key='junit test launch' value='testAddListListener'/>
<eObjectEntry  timestamp='1365425716296' resUri='platform:/resource/ovinger/jex/ov9.jex' fragmentId='//@requirements.0/@requirements.1/@requirements.3' key='test run status' value='false'/>
<eObjectEntry  timestamp='1365426686764' resUri='platform:/resource/ovinger/jex/ov9.jex' fragmentId='//@requirements.0/@requirements.1/@requirements.3' key='junit test launch' value='testAddListListener'/>
<eObjectEntry  timestamp='1365426691512' resUri='platform:/resource/ovinger/jex/ov9.jex' fragmentId='//@requirements.0/@requirements.1/@requirements.3' key='test run status' value='true'/>
<eObjectEntry  timestamp='1365426697237' resUri='platform:/resource/ovinger/jex/ov9.jex' fragmentId='//@requirements.0/@requirements.1/@requirements.4' key='junit test launch' value='testRemoveListListener'/>
<eObjectEntry  timestamp='1365426700079' resUri='platform:/resource/ovinger/jex/ov9.jex' fragmentId='//@requirements.0/@requirements.1/@requirements.4' key='test run status' value='true'/>
<eObjectEntry  timestamp='1365426702910' resUri='platform:/resource/ovinger/jex/ov9.jex' fragmentId='//@requirements.0/@requirements.1/@requirements.5' key='junit test launch' value='testFireListChanged'/>
<eObjectEntry  timestamp='1365426705522' resUri='platform:/resource/ovinger/jex/ov9.jex' fragmentId='//@requirements.0/@requirements.1/@requirements.5' key='test run status' value='true'/>
<eObjectEntry  timestamp='1365426719968' resUri='platform:/resource/ovinger/jex/ov9.jex' fragmentId='//@requirements.0/@requirements.1/@requirements.8' key='junit test launch' value='testGetList'/>
<eObjectEntry  timestamp='1365426723387' resUri='platform:/resource/ovinger/jex/ov9.jex' fragmentId='//@requirements.0/@requirements.1/@requirements.8' key='test run status' value='true'/>
<eObjectEntry  timestamp='1365431335530' resUri='platform:/resource/ovinger/jex/ov9.jex' fragmentId='//@requirements.0/@requirements.1/@requirements.9' key='junit test launch' value='testSize'/>
<eObjectEntry  timestamp='1365431344719' resUri='platform:/resource/ovinger/jex/ov9.jex' fragmentId='//@requirements.0/@requirements.1/@requirements.9' key='junit test launch' value='testSize'/>
<eObjectEntry  timestamp='1365431348191' resUri='platform:/resource/ovinger/jex/ov9.jex' fragmentId='//@requirements.0/@requirements.1/@requirements.9' key='test run status' value='true'/>
<eObjectEntry  timestamp='1365431383069' resUri='platform:/resource/ovinger/jex/ov9.jex' fragmentId='//@requirements.0/@requirements.1/@requirements.12' key='junit test launch' value='testAddElement'/>
<eObjectEntry  timestamp='1365431385716' resUri='platform:/resource/ovinger/jex/ov9.jex' fragmentId='//@requirements.0/@requirements.1/@requirements.12' key='test run status' value='false'/>
<eObjectEntry  timestamp='1365431480089' resUri='platform:/resource/ovinger/jex/ov9.jex' fragmentId='//@requirements.0/@requirements.1/@requirements.12' key='junit test launch' value='testAddElement'/>
<eObjectEntry  timestamp='1365431484537' resUri='platform:/resource/ovinger/jex/ov9.jex' fragmentId='//@requirements.0/@requirements.1/@requirements.12' key='test run status' value='true'/>
<eObjectEntry  timestamp='1365431487812' resUri='platform:/resource/ovinger/jex/ov9.jex' fragmentId='//@requirements.0/@requirements.1/@requirements.13' key='junit test launch' value='testRemoveElement'/>
<eObjectEntry  timestamp='1365431496517' resUri='platform:/resource/ovinger/jex/ov9.jex' fragmentId='//@requirements.0/@requirements.1/@requirements.13' key='test run status' value='true'/>
<eObjectEntry  timestamp='1365432243782' resUri='platform:/resource/ovinger/jex/ov9.jex' fragmentId='//@requirements.0/@requirements.2/@requirements.7' key='junit test launch' value='testIterator'/>
<eObjectEntry  timestamp='1365432246289' resUri='platform:/resource/ovinger/jex/ov9.jex' fragmentId='//@requirements.0/@requirements.2/@requirements.7' key='test run status' value='true'/>
<eResourceEntry  timestamp='1365750563807' resUri='platform:/resource/ovinger/jex/ov9.jex' key='resource selected' value='null'/>
<eObjectEntry  timestamp='1365750572379' resUri='platform:/resource/ovinger/jex/ov9.jex' fragmentId='//@requirements.0/@requirements.1/@requirements.3' key='junit test launch' value='testAddListListener'/>
<eObjectEntry  timestamp='1365750575594' resUri='platform:/resource/ovinger/jex/ov9.jex' fragmentId='//@requirements.0/@requirements.1/@requirements.3' key='test run status' value='true'/>
<eObjectEntry  timestamp='1365750577639' resUri='platform:/resource/ovinger/jex/ov9.jex' fragmentId='//@requirements.0/@requirements.1/@requirements.4' key='junit test launch' value='testRemoveListListener'/>
<eObjectEntry  timestamp='1365750580214' resUri='platform:/resource/ovinger/jex/ov9.jex' fragmentId='//@requirements.0/@requirements.1/@requirements.4' key='test run status' value='true'/>
<eObjectEntry  timestamp='1365750583074' resUri='platform:/resource/ovinger/jex/ov9.jex' fragmentId='//@requirements.0/@requirements.1/@requirements.5' key='junit test launch' value='testFireListChanged'/>
<eObjectEntry  timestamp='1365750584178' resUri='platform:/resource/ovinger/jex/ov9.jex' fragmentId='//@requirements.0/@requirements.1/@requirements.5' key='test run status' value='true'/>
<eObjectEntry  timestamp='1365750589188' resUri='platform:/resource/ovinger/jex/ov9.jex' fragmentId='//@requirements.0/@requirements.1/@requirements.8' key='junit test launch' value='testGetList'/>
<eObjectEntry  timestamp='1365750590371' resUri='platform:/resource/ovinger/jex/ov9.jex' fragmentId='//@requirements.0/@requirements.1/@requirements.8' key='test run status' value='true'/>
<eObjectEntry  timestamp='1365750592710' resUri='platform:/resource/ovinger/jex/ov9.jex' fragmentId='//@requirements.0/@requirements.1/@requirements.9' key='junit test launch' value='testSize'/>
<eObjectEntry  timestamp='1365750595584' resUri='platform:/resource/ovinger/jex/ov9.jex' fragmentId='//@requirements.0/@requirements.1/@requirements.9' key='test run status' value='true'/>
<eObjectEntry  timestamp='1365750609558' resUri='platform:/resource/ovinger/jex/ov9.jex' fragmentId='//@requirements.0/@requirements.1/@requirements.12' key='junit test launch' value='testAddElement'/>
<eObjectEntry  timestamp='1365750611074' resUri='platform:/resource/ovinger/jex/ov9.jex' fragmentId='//@requirements.0/@requirements.1/@requirements.12' key='test run status' value='true'/>
<eObjectEntry  timestamp='1365750613327' resUri='platform:/resource/ovinger/jex/ov9.jex' fragmentId='//@requirements.0/@requirements.1/@requirements.13' key='junit test launch' value='testRemoveElement'/>
<eObjectEntry  timestamp='1365750616559' resUri='platform:/resource/ovinger/jex/ov9.jex' fragmentId='//@requirements.0/@requirements.1/@requirements.13' key='test run status' value='false'/>
<eObjectEntry  timestamp='1365750704877' resUri='platform:/resource/ovinger/jex/ov9.jex' fragmentId='//@requirements.0/@requirements.1/@requirements.13' key='junit test launch' value='testRemoveElement'/>
<eObjectEntry  timestamp='1365750707623' resUri='platform:/resource/ovinger/jex/ov9.jex' fragmentId='//@requirements.0/@requirements.1/@requirements.13' key='test run status' value='true'/>
<eObjectEntry  timestamp='1365750730842' resUri='platform:/resource/ovinger/jex/ov9.jex' fragmentId='//@requirements.0/@requirements.2/@requirements.7' key='junit test launch' value='testIterator'/>
<eObjectEntry  timestamp='1365750732167' resUri='platform:/resource/ovinger/jex/ov9.jex' fragmentId='//@requirements.0/@requirements.2/@requirements.7' key='test run status' value='true'/>
<eObjectEntry  timestamp='1365750735456' resUri='platform:/resource/ovinger/jex/ov9.jex' fragmentId='//@requirements.0/@requirements.2/@requirements.2' key='junit test launch' value='testAddResultOrderedLessThanMaxSize'/>
<eObjectEntry  timestamp='1365750736729' resUri='platform:/resource/ovinger/jex/ov9.jex' fragmentId='//@requirements.0/@requirements.2/@requirements.2' key='test run status' value='false'/>
<eObjectEntry  timestamp='1365750739961' resUri='platform:/resource/ovinger/jex/ov9.jex' fragmentId='//@requirements.0/@requirements.2/@requirements.3' key='junit test launch' value='testAddResultReversedLessThanMaxSize'/>
<eObjectEntry  timestamp='1365750741333' resUri='platform:/resource/ovinger/jex/ov9.jex' fragmentId='//@requirements.0/@requirements.2/@requirements.3' key='test run status' value='false'/>
<eObjectEntry  timestamp='1365750744205' resUri='platform:/resource/ovinger/jex/ov9.jex' fragmentId='//@requirements.0/@requirements.2/@requirements.4' key='junit test launch' value='testAddResultOrderedMoreThanMaxSize'/>
<eObjectEntry  timestamp='1365750745327' resUri='platform:/resource/ovinger/jex/ov9.jex' fragmentId='//@requirements.0/@requirements.2/@requirements.4' key='test run status' value='false'/>
<eObjectEntry  timestamp='1365750747502' resUri='platform:/resource/ovinger/jex/ov9.jex' fragmentId='//@requirements.0/@requirements.2/@requirements.5' key='junit test launch' value='testAddResultReversedMoreThanMaxSize'/>
<eObjectEntry  timestamp='1365750748860' resUri='platform:/resource/ovinger/jex/ov9.jex' fragmentId='//@requirements.0/@requirements.2/@requirements.5' key='test run status' value='false'/>
<eObjectEntry  timestamp='1365751266419' resUri='platform:/resource/ovinger/jex/ov9.jex' fragmentId='//@requirements.0/@requirements.2/@requirements.2' key='junit test launch' value='testAddResultOrderedLessThanMaxSize'/>
<eObjectEntry  timestamp='1365751269701' resUri='platform:/resource/ovinger/jex/ov9.jex' fragmentId='//@requirements.0/@requirements.2/@requirements.2' key='test run status' value='false'/>
<eObjectEntry  timestamp='1365751676975' resUri='platform:/resource/ovinger/jex/ov9.jex' fragmentId='//@requirements.0/@requirements.1/@requirements.12' key='junit test launch' value='testAddElement'/>
<eObjectEntry  timestamp='1365751679481' resUri='platform:/resource/ovinger/jex/ov9.jex' fragmentId='//@requirements.0/@requirements.1/@requirements.12' key='test run status' value='false'/>
<eObjectEntry  timestamp='1365751706135' resUri='platform:/resource/ovinger/jex/ov9.jex' fragmentId='//@javaElements.0/@classes.7' key='junit test launch' value='AllTests'/>
<eObjectEntry  timestamp='1365751708603' resUri='platform:/resource/ovinger/jex/ov9.jex' fragmentId='//@requirements.0/@requirements.1/@requirements.3' key='test run status' value='true'/>
<eObjectEntry  timestamp='1365751708605' resUri='platform:/resource/ovinger/jex/ov9.jex' fragmentId='//@requirements.0/@requirements.1/@requirements.4' key='test run status' value='true'/>
<eObjectEntry  timestamp='1365751708608' resUri='platform:/resource/ovinger/jex/ov9.jex' fragmentId='//@requirements.0/@requirements.1/@requirements.5' key='test run status' value='true'/>
<eObjectEntry  timestamp='1365751708611' resUri='platform:/resource/ovinger/jex/ov9.jex' fragmentId='//@requirements.0/@requirements.1/@requirements.8' key='test run status' value='true'/>
<eObjectEntry  timestamp='1365751708614' resUri='platform:/resource/ovinger/jex/ov9.jex' fragmentId='//@requirements.0/@requirements.1/@requirements.9' key='test run status' value='true'/>
<eObjectEntry  timestamp='1365751708621' resUri='platform:/resource/ovinger/jex/ov9.jex' fragmentId='//@requirements.0/@requirements.1/@requirements.12' key='test run status' value='true'/>
<eObjectEntry  timestamp='1365751708624' resUri='platform:/resource/ovinger/jex/ov9.jex' fragmentId='//@requirements.0/@requirements.1/@requirements.13' key='test run status' value='true'/>
<eObjectEntry  timestamp='1365751708628' resUri='platform:/resource/ovinger/jex/ov9.jex' fragmentId='//@requirements.0/@requirements.2/@requirements.2' key='test run status' value='false'/>
<eObjectEntry  timestamp='1365751708662' resUri='platform:/resource/ovinger/jex/ov9.jex' fragmentId='//@requirements.0/@requirements.2/@requirements.3' key='test run status' value='false'/>
<eObjectEntry  timestamp='1365751708665' resUri='platform:/resource/ovinger/jex/ov9.jex' fragmentId='//@requirements.0/@requirements.2/@requirements.4' key='test run status' value='false'/>
<eObjectEntry  timestamp='1365751708668' resUri='platform:/resource/ovinger/jex/ov9.jex' fragmentId='//@requirements.0/@requirements.2/@requirements.5' key='test run status' value='false'/>
<eObjectEntry  timestamp='1365751708670' resUri='platform:/resource/ovinger/jex/ov9.jex' fragmentId='//@requirements.0/@requirements.2/@requirements.7' key='test run status' value='true'/>
<eObjectEntry  timestamp='1365752474889' resUri='platform:/resource/ovinger/jex/ov9.jex' fragmentId='//@requirements.0/@requirements.2/@requirements.2' key='junit test launch' value='testAddResultOrderedLessThanMaxSize'/>
<eObjectEntry  timestamp='1365752477352' resUri='platform:/resource/ovinger/jex/ov9.jex' fragmentId='//@requirements.0/@requirements.2/@requirements.2' key='test run status' value='false'/>
<eObjectEntry  timestamp='1365752482455' resUri='platform:/resource/ovinger/jex/ov9.jex' fragmentId='//@requirements.0/@requirements.2/@requirements.3' key='junit test launch' value='testAddResultReversedLessThanMaxSize'/>
<eObjectEntry  timestamp='1365752483929' resUri='platform:/resource/ovinger/jex/ov9.jex' fragmentId='//@requirements.0/@requirements.2/@requirements.3' key='test run status' value='false'/>
<eObjectEntry  timestamp='1365752486162' resUri='platform:/resource/ovinger/jex/ov9.jex' fragmentId='//@requirements.0/@requirements.2/@requirements.4' key='junit test launch' value='testAddResultOrderedMoreThanMaxSize'/>
<eObjectEntry  timestamp='1365752488642' resUri='platform:/resource/ovinger/jex/ov9.jex' fragmentId='//@requirements.0/@requirements.2/@requirements.4' key='test run status' value='false'/>
<eObjectEntry  timestamp='1365752490888' resUri='platform:/resource/ovinger/jex/ov9.jex' fragmentId='//@requirements.0/@requirements.2/@requirements.5' key='junit test launch' value='testAddResultReversedMoreThanMaxSize'/>
<eObjectEntry  timestamp='1365752493894' resUri='platform:/resource/ovinger/jex/ov9.jex' fragmentId='//@requirements.0/@requirements.2/@requirements.5' key='test run status' value='false'/>
<eObjectEntry  timestamp='1365752627638' resUri='platform:/resource/ovinger/jex/ov9.jex' fragmentId='//@requirements.0/@requirements.2/@requirements.2' key='junit test launch' value='testAddResultOrderedLessThanMaxSize'/>
<eObjectEntry  timestamp='1365752630224' resUri='platform:/resource/ovinger/jex/ov9.jex' fragmentId='//@requirements.0/@requirements.2/@requirements.2' key='test run status' value='false'/>
<eObjectEntry  timestamp='1365752633087' resUri='platform:/resource/ovinger/jex/ov9.jex' fragmentId='//@requirements.0/@requirements.2/@requirements.3' key='junit test launch' value='testAddResultReversedLessThanMaxSize'/>
<eObjectEntry  timestamp='1365752634243' resUri='platform:/resource/ovinger/jex/ov9.jex' fragmentId='//@requirements.0/@requirements.2/@requirements.3' key='test run status' value='false'/>
<eObjectEntry  timestamp='1365752710067' resUri='platform:/resource/ovinger/jex/ov9.jex' fragmentId='//@requirements.0/@requirements.2/@requirements.2' key='junit test launch' value='testAddResultOrderedLessThanMaxSize'/>
<eObjectEntry  timestamp='1365752711150' resUri='platform:/resource/ovinger/jex/ov9.jex' fragmentId='//@requirements.0/@requirements.2/@requirements.2' key='test run status' value='false'/>
<eObjectEntry  timestamp='1365754903031' resUri='platform:/resource/ovinger/jex/ov9.jex' fragmentId='//@requirements.0/@requirements.2/@requirements.2' key='junit test launch' value='testAddResultOrderedLessThanMaxSize'/>
<eObjectEntry  timestamp='1365754905557' resUri='platform:/resource/ovinger/jex/ov9.jex' fragmentId='//@requirements.0/@requirements.2/@requirements.2' key='test run status' value='false'/>
<eObjectEntry  timestamp='1365755215056' resUri='platform:/resource/ovinger/jex/ov9.jex' fragmentId='//@requirements.0/@requirements.2/@requirements.2' key='junit test launch' value='testAddResultOrderedLessThanMaxSize'/>
<eObjectEntry  timestamp='1365755216395' resUri='platform:/resource/ovinger/jex/ov9.jex' fragmentId='//@requirements.0/@requirements.2/@requirements.2' key='test run status' value='false'/>
<eObjectEntry  timestamp='1365755220653' resUri='platform:/resource/ovinger/jex/ov9.jex' fragmentId='//@requirements.0/@requirements.2/@requirements.3' key='junit test launch' value='testAddResultReversedLessThanMaxSize'/>
<eObjectEntry  timestamp='1365755221944' resUri='platform:/resource/ovinger/jex/ov9.jex' fragmentId='//@requirements.0/@requirements.2/@requirements.3' key='test run status' value='false'/>
<eObjectEntry  timestamp='1365755251609' resUri='platform:/resource/ovinger/jex/ov9.jex' fragmentId='//@requirements.0/@requirements.2/@requirements.2' key='junit test launch' value='testAddResultOrderedLessThanMaxSize'/>
<eObjectEntry  timestamp='1365755254225' resUri='platform:/resource/ovinger/jex/ov9.jex' fragmentId='//@requirements.0/@requirements.2/@requirements.2' key='test run status' value='false'/>
<eObjectEntry  timestamp='1365755481041' resUri='platform:/resource/ovinger/jex/ov9.jex' fragmentId='//@requirements.0/@requirements.2/@requirements.2' key='junit test launch' value='testAddResultOrderedLessThanMaxSize'/>
<eObjectEntry  timestamp='1365755483616' resUri='platform:/resource/ovinger/jex/ov9.jex' fragmentId='//@requirements.0/@requirements.2/@requirements.2' key='test run status' value='false'/>
<eObjectEntry  timestamp='1365755560916' resUri='platform:/resource/ovinger/jex/ov9.jex' fragmentId='//@requirements.0/@requirements.2/@requirements.2' key='junit test launch' value='testAddResultOrderedLessThanMaxSize'/>
<eObjectEntry  timestamp='1365755563618' resUri='platform:/resource/ovinger/jex/ov9.jex' fragmentId='//@requirements.0/@requirements.2/@requirements.2' key='test run status' value='false'/>
<eObjectEntry  timestamp='1365755721432' resUri='platform:/resource/ovinger/jex/ov9.jex' fragmentId='//@requirements.0/@requirements.2/@requirements.2' key='junit test launch' value='testAddResultOrderedLessThanMaxSize'/>
<eObjectEntry  timestamp='1365755723806' resUri='platform:/resource/ovinger/jex/ov9.jex' fragmentId='//@requirements.0/@requirements.2/@requirements.2' key='test run status' value='false'/>
<eObjectEntry  timestamp='1365755816761' resUri='platform:/resource/ovinger/jex/ov9.jex' fragmentId='//@requirements.0/@requirements.2/@requirements.2' key='junit test launch' value='testAddResultOrderedLessThanMaxSize'/>
<eObjectEntry  timestamp='1365755819389' resUri='platform:/resource/ovinger/jex/ov9.jex' fragmentId='//@requirements.0/@requirements.2/@requirements.2' key='test run status' value='false'/>
<eObjectEntry  timestamp='1365755878826' resUri='platform:/resource/ovinger/jex/ov9.jex' fragmentId='//@requirements.0/@requirements.2/@requirements.2' key='test run status' value='false'/>
<eObjectEntry  timestamp='1365756102040' resUri='platform:/resource/ovinger/jex/ov9.jex' fragmentId='//@requirements.0/@requirements.2/@requirements.2' key='test run status' value='false'/>
<eObjectEntry  timestamp='1365756448633' resUri='platform:/resource/ovinger/jex/ov9.jex' fragmentId='//@requirements.0/@requirements.1/@requirements.12' key='junit test launch' value='testAddElement'/>
<eObjectEntry  timestamp='1365756453551' resUri='platform:/resource/ovinger/jex/ov9.jex' fragmentId='//@requirements.0/@requirements.1/@requirements.12' key='test run status' value='false'/>
<eObjectEntry  timestamp='1365756459397' resUri='platform:/resource/ovinger/jex/ov9.jex' fragmentId='//@requirements.0/@requirements.2/@requirements.2' key='junit test launch' value='testAddResultOrderedLessThanMaxSize'/>
<eObjectEntry  timestamp='1365756462322' resUri='platform:/resource/ovinger/jex/ov9.jex' fragmentId='//@requirements.0/@requirements.2/@requirements.2' key='test run status' value='false'/>
<eObjectEntry  timestamp='1365756470031' resUri='platform:/resource/ovinger/jex/ov9.jex' fragmentId='//@requirements.0/@requirements.2/@requirements.2' key='junit test launch' value='testAddResultOrderedLessThanMaxSize'/>
<eObjectEntry  timestamp='1365756473088' resUri='platform:/resource/ovinger/jex/ov9.jex' fragmentId='//@requirements.0/@requirements.2/@requirements.2' key='test run status' value='false'/>
<eObjectEntry  timestamp='1365756486822' resUri='platform:/resource/ovinger/jex/ov9.jex' fragmentId='//@requirements.0/@requirements.2/@requirements.2' key='junit test launch' value='testAddResultOrderedLessThanMaxSize'/>
<eObjectEntry  timestamp='1365756489588' resUri='platform:/resource/ovinger/jex/ov9.jex' fragmentId='//@requirements.0/@requirements.2/@requirements.2' key='test run status' value='false'/>
<eObjectEntry  timestamp='1365756520937' resUri='platform:/resource/ovinger/jex/ov9.jex' fragmentId='//@requirements.0/@requirements.2/@requirements.2' key='test run status' value='false'/>
<eObjectEntry  timestamp='1365756692457' resUri='platform:/resource/ovinger/jex/ov9.jex' fragmentId='//@requirements.0/@requirements.2/@requirements.2' key='test run status' value='false'/>
<eObjectEntry  timestamp='1365756710230' resUri='platform:/resource/ovinger/jex/ov9.jex' fragmentId='//@requirements.0/@requirements.2/@requirements.2' key='test run status' value='false'/>
<eObjectEntry  timestamp='1365756739418' resUri='platform:/resource/ovinger/jex/ov9.jex' fragmentId='//@requirements.0/@requirements.2/@requirements.2' key='test run status' value='false'/>
<eObjectEntry  timestamp='1365756888141' resUri='platform:/resource/ovinger/jex/ov9.jex' fragmentId='//@requirements.0/@requirements.2/@requirements.2' key='test run status' value='false'/>
<eObjectEntry  timestamp='1365756937563' resUri='platform:/resource/ovinger/jex/ov9.jex' fragmentId='//@requirements.0/@requirements.2/@requirements.2' key='test run status' value='true'/>
<eObjectEntry  timestamp='1365756946258' resUri='platform:/resource/ovinger/jex/ov9.jex' fragmentId='//@requirements.0/@requirements.2/@requirements.3' key='junit test launch' value='testAddResultReversedLessThanMaxSize'/>
<eObjectEntry  timestamp='1365756947457' resUri='platform:/resource/ovinger/jex/ov9.jex' fragmentId='//@requirements.0/@requirements.2/@requirements.3' key='test run status' value='true'/>
<eObjectEntry  timestamp='1365756952835' resUri='platform:/resource/ovinger/jex/ov9.jex' fragmentId='//@requirements.0/@requirements.2/@requirements.4' key='junit test launch' value='testAddResultOrderedMoreThanMaxSize'/>
<eObjectEntry  timestamp='1365756954152' resUri='platform:/resource/ovinger/jex/ov9.jex' fragmentId='//@requirements.0/@requirements.2/@requirements.4' key='test run status' value='false'/>
<eObjectEntry  timestamp='1365756962670' resUri='platform:/resource/ovinger/jex/ov9.jex' fragmentId='//@requirements.0/@requirements.2/@requirements.5' key='junit test launch' value='testAddResultReversedMoreThanMaxSize'/>
<eObjectEntry  timestamp='1365756964024' resUri='platform:/resource/ovinger/jex/ov9.jex' fragmentId='//@requirements.0/@requirements.2/@requirements.5' key='test run status' value='false'/>
<eObjectEntry  timestamp='1365756993955' resUri='platform:/resource/ovinger/jex/ov9.jex' fragmentId='//@requirements.0/@requirements.2/@requirements.4' key='junit test launch' value='testAddResultOrderedMoreThanMaxSize'/>
<eObjectEntry  timestamp='1365756995206' resUri='platform:/resource/ovinger/jex/ov9.jex' fragmentId='//@requirements.0/@requirements.2/@requirements.4' key='test run status' value='false'/>
<eObjectEntry  timestamp='1365758004917' resUri='platform:/resource/ovinger/jex/ov9.jex' fragmentId='//@requirements.0/@requirements.2/@requirements.4' key='test run status' value='false'/>
<eObjectEntry  timestamp='1365758111664' resUri='platform:/resource/ovinger/jex/ov9.jex' fragmentId='//@requirements.0/@requirements.2/@requirements.4' key='test run status' value='false'/>
<eObjectEntry  timestamp='1365758272467' resUri='platform:/resource/ovinger/jex/ov9.jex' fragmentId='//@requirements.0/@requirements.2/@requirements.4' key='test run status' value='true'/>
<eObjectEntry  timestamp='1365758277627' resUri='platform:/resource/ovinger/jex/ov9.jex' fragmentId='//@requirements.0/@requirements.2/@requirements.5' key='junit test launch' value='testAddResultReversedMoreThanMaxSize'/>
<eObjectEntry  timestamp='1365758278924' resUri='platform:/resource/ovinger/jex/ov9.jex' fragmentId='//@requirements.0/@requirements.2/@requirements.5' key='test run status' value='false'/>
<eObjectEntry  timestamp='1365758399544' resUri='platform:/resource/ovinger/jex/ov9.jex' fragmentId='//@requirements.0/@requirements.2/@requirements.5' key='test run status' value='false'/>
<eObjectEntry  timestamp='1365758440340' resUri='platform:/resource/ovinger/jex/ov9.jex' fragmentId='//@requirements.0/@requirements.2/@requirements.4' key='junit test launch' value='testAddResultOrderedMoreThanMaxSize'/>
<eObjectEntry  timestamp='1365758443171' resUri='platform:/resource/ovinger/jex/ov9.jex' fragmentId='//@requirements.0/@requirements.2/@requirements.4' key='test run status' value='true'/>
<eObjectEntry  timestamp='1365758453515' resUri='platform:/resource/ovinger/jex/ov9.jex' fragmentId='//@requirements.0/@requirements.2/@requirements.5' key='junit test launch' value='testAddResultReversedMoreThanMaxSize'/>
<eObjectEntry  timestamp='1365758454623' resUri='platform:/resource/ovinger/jex/ov9.jex' fragmentId='//@requirements.0/@requirements.2/@requirements.5' key='test run status' value='false'/>
<eObjectEntry  timestamp='1365758522332' resUri='platform:/resource/ovinger/jex/ov9.jex' fragmentId='//@requirements.0/@requirements.2/@requirements.5' key='test run status' value='false'/>
<eObjectEntry  timestamp='1365758612288' resUri='platform:/resource/ovinger/jex/ov9.jex' fragmentId='//@requirements.0/@requirements.2/@requirements.5' key='test run status' value='true'/>
<eObjectEntry  timestamp='1365758633541' resUri='platform:/resource/ovinger/jex/ov9.jex' fragmentId='//@requirements.0/@requirements.1/@requirements.12' key='junit test launch' value='testAddElement'/>
<eObjectEntry  timestamp='1365758636566' resUri='platform:/resource/ovinger/jex/ov9.jex' fragmentId='//@requirements.0/@requirements.1/@requirements.12' key='test run status' value='true'/>
<eObjectEntry  timestamp='1365758645771' resUri='platform:/resource/ovinger/jex/ov9.jex' fragmentId='//@javaElements.0/@classes.7' key='junit test launch' value='AllTests'/>
<eObjectEntry  timestamp='1365758647064' resUri='platform:/resource/ovinger/jex/ov9.jex' fragmentId='//@requirements.0/@requirements.1/@requirements.3' key='test run status' value='true'/>
<eObjectEntry  timestamp='1365758647067' resUri='platform:/resource/ovinger/jex/ov9.jex' fragmentId='//@requirements.0/@requirements.1/@requirements.4' key='test run status' value='true'/>
<eObjectEntry  timestamp='1365758647070' resUri='platform:/resource/ovinger/jex/ov9.jex' fragmentId='//@requirements.0/@requirements.1/@requirements.5' key='test run status' value='true'/>
<eObjectEntry  timestamp='1365758647077' resUri='platform:/resource/ovinger/jex/ov9.jex' fragmentId='//@requirements.0/@requirements.1/@requirements.8' key='test run status' value='true'/>
<eObjectEntry  timestamp='1365758647111' resUri='platform:/resource/ovinger/jex/ov9.jex' fragmentId='//@requirements.0/@requirements.1/@requirements.9' key='test run status' value='true'/>
<eObjectEntry  timestamp='1365758647113' resUri='platform:/resource/ovinger/jex/ov9.jex' fragmentId='//@requirements.0/@requirements.1/@requirements.12' key='test run status' value='true'/>
<eObjectEntry  timestamp='1365758647119' resUri='platform:/resource/ovinger/jex/ov9.jex' fragmentId='//@requirements.0/@requirements.1/@requirements.13' key='test run status' value='true'/>
<eObjectEntry  timestamp='1365758647122' resUri='platform:/resource/ovinger/jex/ov9.jex' fragmentId='//@requirements.0/@requirements.2/@requirements.2' key='test run status' value='true'/>
<eObjectEntry  timestamp='1365758647125' resUri='platform:/resource/ovinger/jex/ov9.jex' fragmentId='//@requirements.0/@requirements.2/@requirements.3' key='test run status' value='true'/>
<eObjectEntry  timestamp='1365758647128' resUri='platform:/resource/ovinger/jex/ov9.jex' fragmentId='//@requirements.0/@requirements.2/@requirements.4' key='test run status' value='true'/>
<eObjectEntry  timestamp='1365758647131' resUri='platform:/resource/ovinger/jex/ov9.jex' fragmentId='//@requirements.0/@requirements.2/@requirements.5' key='test run status' value='true'/>
<eObjectEntry  timestamp='1365758647134' resUri='platform:/resource/ovinger/jex/ov9.jex' fragmentId='//@requirements.0/@requirements.2/@requirements.7' key='test run status' value='true'/>
